{"contracts/AstaVerde.sol":{"l":{"154":26,"157":26,"160":26,"161":26,"163":0,"166":26,"167":26,"168":26,"169":26,"172":26,"173":26,"174":26,"175":26,"176":26,"177":26,"178":26,"182":0,"193":228,"196":228,"197":227,"208":39,"211":39,"212":38,"216":0,"220":0,"224":0,"228":0,"237":683,"241":2,"242":2,"243":2,"247":1,"248":1,"249":1,"250":1,"254":3,"255":3,"256":2,"257":2,"261":2,"262":2,"263":2,"267":1,"268":1,"269":1,"270":1,"271":1,"275":0,"276":0,"277":0,"281":0,"282":0,"283":0,"303":0,"304":0,"305":0,"318":272,"319":272,"320":271,"323":270,"324":487,"327":265,"329":265,"330":265,"332":265,"333":480,"334":480,"335":480,"336":480,"339":480,"342":265,"344":265,"345":265,"347":265,"357":340,"358":340,"360":340,"361":8,"364":332,"365":332,"368":332,"369":9,"372":323,"373":323,"377":20,"378":20,"380":20,"406":150,"407":150,"408":150,"409":150,"410":150,"412":149,"413":149,"414":149,"418":148,"420":148,"424":148,"430":148,"431":148,"433":148,"434":148,"435":118,"436":118,"437":118,"442":148,"445":148,"448":147,"449":151,"450":151,"451":151,"452":151,"457":147,"458":1,"461":147,"462":147,"463":147,"465":147,"468":147,"469":117,"471":30,"481":148,"482":148,"483":148,"486":148,"487":148,"490":148,"491":148,"492":148,"493":148,"496":148,"497":237,"498":237,"500":237,"501":89,"502":85,"503":85,"504":85,"506":4,"507":4,"511":237,"512":152,"513":152,"514":152,"515":152,"518":237,"519":237,"524":148,"525":152,"526":152,"527":152,"532":148,"533":0,"537":148,"538":148,"541":148,"542":148,"543":152,"544":152,"545":152,"546":152,"547":152,"552":148,"563":36,"564":36,"565":36,"566":36,"568":36,"569":79,"571":79,"572":41,"573":41,"577":36,"578":36,"588":8,"589":8,"590":8,"591":7,"593":6,"594":6,"606":0,"607":0,"608":0,"617":2,"618":2,"619":1,"620":1,"621":1,"622":1,"631":7,"632":7,"635":7,"636":7,"639":7,"640":7,"649":0,"660":0,"662":0,"663":0,"665":0,"667":0,"668":0,"670":0,"694":413,"695":413,"698":341,"704":341,"705":341,"706":341,"707":1960,"708":1960,"710":1953,"711":77,"712":77,"713":71,"718":341,"719":71,"720":71,"721":71,"722":71,"723":71,"727":270,"729":270,"730":30,"731":30,"732":30,"733":30,"735":30,"737":165,"738":0,"739":0,"740":0,"743":165,"746":165,"748":161,"753":41,"754":41,"755":41,"758":161,"761":30,"762":8,"763":8,"764":8,"765":8,"766":8},"path":"/home/dev/AstaVerde/contracts/AstaVerde.sol","s":{"1":26,"2":26,"3":26,"4":0,"5":0,"6":228,"7":228,"8":227,"9":39,"10":39,"11":38,"12":0,"13":0,"14":0,"15":0,"16":683,"17":2,"18":2,"19":1,"20":1,"21":1,"22":3,"23":3,"24":2,"25":2,"26":2,"27":1,"28":1,"29":1,"30":0,"31":0,"32":0,"33":0,"34":0,"35":0,"36":272,"37":272,"38":271,"39":270,"40":487,"41":265,"42":265,"43":265,"44":265,"45":480,"46":265,"47":265,"48":265,"49":340,"50":340,"51":340,"52":8,"53":332,"54":332,"55":332,"56":9,"57":323,"58":323,"59":20,"60":20,"61":20,"62":150,"63":150,"64":150,"65":150,"66":150,"67":149,"68":149,"69":149,"70":148,"71":148,"72":148,"73":148,"74":148,"75":148,"76":148,"77":147,"78":151,"79":151,"80":147,"81":1,"82":147,"83":147,"84":147,"85":147,"86":117,"87":30,"88":148,"89":148,"90":148,"91":148,"92":148,"93":148,"94":148,"95":148,"96":148,"97":237,"98":237,"99":237,"100":89,"101":237,"102":148,"103":148,"104":148,"105":148,"106":148,"107":36,"108":36,"109":36,"110":36,"111":36,"112":79,"113":79,"114":36,"115":36,"116":8,"117":8,"118":8,"119":7,"120":6,"121":0,"122":0,"123":0,"124":2,"125":2,"126":1,"127":1,"128":1,"129":7,"130":7,"131":7,"132":7,"133":0,"134":0,"135":0,"136":0,"137":0,"138":0,"139":0,"140":0,"141":413,"142":413,"143":72,"144":341,"145":341,"146":341,"147":341,"148":1960,"149":1960,"150":1953,"151":77,"152":77,"153":341,"154":71,"155":71,"156":71,"157":270,"158":270,"159":30,"160":30,"161":30,"162":30,"163":30,"164":165,"165":0,"166":165,"167":165,"168":161,"169":41,"170":30,"171":8,"172":8,"173":8},"b":{"1":[26,0],"2":[26,0],"3":[228,0],"4":[227,1],"5":[227,0],"6":[39,0],"7":[38,1],"8":[38,0],"9":[0,0],"10":[0,0],"11":[0,0],"12":[2,1],"13":[2,0],"14":[1,0],"15":[1,0],"16":[1,0],"17":[3,0],"18":[3,0],"19":[2,1],"20":[2,1],"21":[2,0],"22":[1,1],"23":[1,0],"24":[1,0],"25":[1,0],"26":[0,0],"27":[0,0],"28":[0,0],"29":[0,0],"30":[0,0],"31":[0,0],"32":[272,0],"33":[272,0],"34":[272,0],"35":[271,1],"36":[270,1],"37":[482,5],"38":[480,0],"39":[340,0],"40":[8,332],"41":[9,323],"42":[314,9],"43":[20,0],"44":[150,0],"45":[150,0],"46":[150,0],"47":[150,0],"48":[150,0],"49":[149,1],"50":[148,1],"51":[2,146],"52":[112,36],"53":[118,30],"54":[151,0],"55":[1,146],"56":[117,30],"57":[85,4],"58":[152,85],"59":[0,148],"60":[148,0],"61":[36,0],"62":[36,0],"63":[41,38],"64":[36,0],"65":[8,0],"66":[8,0],"67":[7,1],"68":[6,1],"69":[0,0],"70":[0,0],"71":[0,0],"72":[0,0],"73":[0,0],"74":[2,1],"75":[2,0],"76":[2,0],"77":[1,1],"78":[7,0],"79":[7,0],"80":[0,0],"81":[0,0],"82":[0,0],"83":[0,0],"84":[72,341],"85":[7,1953],"86":[77,1876],"87":[71,6],"88":[71,270],"89":[30,240],"90":[0,165],"91":[4,161],"92":[41,120],"93":[8,22],"94":[7,1]},"f":{"1":26,"2":0,"3":228,"4":39,"5":0,"6":0,"7":0,"8":0,"9":683,"10":2,"11":1,"12":3,"13":2,"14":1,"15":0,"16":0,"17":0,"18":272,"19":340,"20":20,"21":150,"22":148,"23":36,"24":8,"25":0,"26":2,"27":7,"28":0,"29":0,"30":413},"fnMap":{"1":{"name":"constructor","line":153,"loc":{"start":{"line":153,"column":4},"end":{"line":179,"column":4}}},"2":{"name":"supportsInterface","line":181,"loc":{"start":{"line":181,"column":4},"end":{"line":183,"column":4}}},"3":{"name":"onERC1155Received","line":185,"loc":{"start":{"line":185,"column":4},"end":{"line":198,"column":4}}},"4":{"name":"onERC1155BatchReceived","line":200,"loc":{"start":{"line":200,"column":4},"end":{"line":213,"column":4}}},"5":{"name":"setURI","line":215,"loc":{"start":{"line":215,"column":4},"end":{"line":217,"column":4}}},"6":{"name":"uri","line":219,"loc":{"start":{"line":219,"column":4},"end":{"line":221,"column":4}}},"7":{"name":"pause","line":223,"loc":{"start":{"line":223,"column":4},"end":{"line":225,"column":4}}},"8":{"name":"unpause","line":227,"loc":{"start":{"line":227,"column":4},"end":{"line":229,"column":4}}},"9":{"name":"_update","line":231,"loc":{"start":{"line":231,"column":4},"end":{"line":238,"column":4}}},"10":{"name":"setPlatformSharePercentage","line":240,"loc":{"start":{"line":240,"column":4},"end":{"line":244,"column":4}}},"11":{"name":"setPriceFloor","line":246,"loc":{"start":{"line":246,"column":4},"end":{"line":251,"column":4}}},"12":{"name":"setBasePrice","line":253,"loc":{"start":{"line":253,"column":4},"end":{"line":258,"column":4}}},"13":{"name":"setMaxBatchSize","line":260,"loc":{"start":{"line":260,"column":4},"end":{"line":264,"column":4}}},"14":{"name":"setAuctionDayThresholds","line":266,"loc":{"start":{"line":266,"column":4},"end":{"line":272,"column":4}}},"15":{"name":"setPriceDelta","line":274,"loc":{"start":{"line":274,"column":4},"end":{"line":278,"column":4}}},"16":{"name":"setDailyPriceDecay","line":280,"loc":{"start":{"line":280,"column":4},"end":{"line":284,"column":4}}},"17":{"name":"setMaxPriceUpdateIterations","line":302,"loc":{"start":{"line":302,"column":4},"end":{"line":306,"column":4}}},"18":{"name":"mintBatch","line":317,"loc":{"start":{"line":317,"column":4},"end":{"line":348,"column":4}}},"19":{"name":"getCurrentBatchPrice","line":356,"loc":{"start":{"line":356,"column":4},"end":{"line":374,"column":4}}},"20":{"name":"getBatchInfo","line":376,"loc":{"start":{"line":376,"column":4},"end":{"line":387,"column":4}}},"21":{"name":"buyBatch","line":405,"loc":{"start":{"line":405,"column":4},"end":{"line":473,"column":4}}},"22":{"name":"calculateTransferDetails","line":475,"loc":{"start":{"line":475,"column":4},"end":{"line":553,"column":4}}},"23":{"name":"getPartialIds","line":562,"loc":{"start":{"line":562,"column":4},"end":{"line":579,"column":4}}},"24":{"name":"redeemToken","line":587,"loc":{"start":{"line":587,"column":4},"end":{"line":595,"column":4}}},"25":{"name":"recoverERC20","line":605,"loc":{"start":{"line":605,"column":4},"end":{"line":609,"column":4}}},"26":{"name":"claimPlatformFunds","line":616,"loc":{"start":{"line":616,"column":4},"end":{"line":623,"column":4}}},"27":{"name":"claimProducerFunds","line":630,"loc":{"start":{"line":630,"column":4},"end":{"line":641,"column":4}}},"28":{"name":"getProducerBalance","line":648,"loc":{"start":{"line":648,"column":4},"end":{"line":650,"column":4}}},"29":{"name":"recoverSurplusUSDC","line":659,"loc":{"start":{"line":659,"column":4},"end":{"line":671,"column":4}}},"30":{"name":"updateBasePrice","line":693,"loc":{"start":{"line":693,"column":4},"end":{"line":769,"column":4}}}},"statementMap":{"1":{"start":{"line":157,"column":8},"end":{"line":157,"column":86}},"2":{"start":{"line":160,"column":8},"end":{"line":160,"column":7517}},"3":{"start":{"line":161,"column":12},"end":{"line":161,"column":86}},"4":{"start":{"line":163,"column":12},"end":{"line":163,"column":53}},"5":{"start":{"line":182,"column":8},"end":{"line":182,"column":51}},"6":{"start":{"line":193,"column":8},"end":{"line":193,"column":73}},"7":{"start":{"line":196,"column":8},"end":{"line":196,"column":82}},"8":{"start":{"line":197,"column":8},"end":{"line":197,"column":46}},"9":{"start":{"line":208,"column":8},"end":{"line":208,"column":73}},"10":{"start":{"line":211,"column":8},"end":{"line":211,"column":82}},"11":{"start":{"line":212,"column":8},"end":{"line":212,"column":51}},"12":{"start":{"line":216,"column":8},"end":{"line":216,"column":22}},"13":{"start":{"line":220,"column":8},"end":{"line":220,"column":80}},"14":{"start":{"line":224,"column":8},"end":{"line":224,"column":15}},"15":{"start":{"line":228,"column":8},"end":{"line":228,"column":17}},"16":{"start":{"line":237,"column":8},"end":{"line":237,"column":43}},"17":{"start":{"line":241,"column":8},"end":{"line":241,"column":76}},"18":{"start":{"line":243,"column":8},"end":{"line":243,"column":59}},"19":{"start":{"line":247,"column":8},"end":{"line":247,"column":56}},"20":{"start":{"line":248,"column":8},"end":{"line":248,"column":82}},"21":{"start":{"line":250,"column":8},"end":{"line":250,"column":71}},"22":{"start":{"line":254,"column":8},"end":{"line":254,"column":62}},"23":{"start":{"line":255,"column":8},"end":{"line":255,"column":89}},"24":{"start":{"line":257,"column":8},"end":{"line":257,"column":84}},"25":{"start":{"line":261,"column":8},"end":{"line":261,"column":85}},"26":{"start":{"line":263,"column":8},"end":{"line":263,"column":37}},"27":{"start":{"line":267,"column":8},"end":{"line":267,"column":58}},"28":{"start":{"line":268,"column":8},"end":{"line":268,"column":58}},"29":{"start":{"line":269,"column":8},"end":{"line":269,"column":95}},"30":{"start":{"line":275,"column":8},"end":{"line":275,"column":65}},"31":{"start":{"line":277,"column":8},"end":{"line":277,"column":41}},"32":{"start":{"line":281,"column":8},"end":{"line":281,"column":65}},"33":{"start":{"line":283,"column":8},"end":{"line":283,"column":46}},"34":{"start":{"line":303,"column":8},"end":{"line":303,"column":94}},"35":{"start":{"line":305,"column":8},"end":{"line":305,"column":50}},"36":{"start":{"line":318,"column":8},"end":{"line":318,"column":61}},"37":{"start":{"line":319,"column":8},"end":{"line":319,"column":94}},"38":{"start":{"line":320,"column":8},"end":{"line":320,"column":85}},"39":{"start":{"line":323,"column":8},"end":{"line":323,"column":14561}},"40":{"start":{"line":324,"column":12},"end":{"line":324,"column":75}},"41":{"start":{"line":327,"column":8},"end":{"line":327,"column":24}},"42":{"start":{"line":329,"column":8},"end":{"line":329,"column":62}},"43":{"start":{"line":330,"column":8},"end":{"line":330,"column":66}},"44":{"start":{"line":332,"column":8},"end":{"line":332,"column":14863}},"45":{"start":{"line":333,"column":12},"end":{"line":333,"column":74}},"46":{"start":{"line":342,"column":8},"end":{"line":342,"column":50}},"47":{"start":{"line":345,"column":8},"end":{"line":345,"column":90}},"48":{"start":{"line":347,"column":8},"end":{"line":347,"column":54}},"49":{"start":{"line":357,"column":8},"end":{"line":357,"column":76}},"50":{"start":{"line":358,"column":8},"end":{"line":358,"column":50}},"51":{"start":{"line":360,"column":8},"end":{"line":360,"column":16097}},"52":{"start":{"line":361,"column":12},"end":{"line":361,"column":43}},"53":{"start":{"line":364,"column":8},"end":{"line":364,"column":93}},"54":{"start":{"line":365,"column":8},"end":{"line":365,"column":68}},"55":{"start":{"line":368,"column":8},"end":{"line":368,"column":16441}},"56":{"start":{"line":369,"column":12},"end":{"line":369,"column":29}},"57":{"start":{"line":372,"column":8},"end":{"line":372,"column":67}},"58":{"start":{"line":373,"column":8},"end":{"line":373,"column":68}},"59":{"start":{"line":377,"column":8},"end":{"line":377,"column":76}},"60":{"start":{"line":378,"column":8},"end":{"line":378,"column":50}},"61":{"start":{"line":380,"column":8},"end":{"line":380,"column":16935}},"62":{"start":{"line":406,"column":8},"end":{"line":406,"column":76}},"63":{"start":{"line":407,"column":8},"end":{"line":407,"column":50}},"64":{"start":{"line":408,"column":8},"end":{"line":408,"column":63}},"65":{"start":{"line":409,"column":8},"end":{"line":409,"column":55}},"66":{"start":{"line":410,"column":8},"end":{"line":410,"column":82}},"67":{"start":{"line":412,"column":8},"end":{"line":412,"column":60}},"68":{"start":{"line":413,"column":8},"end":{"line":413,"column":54}},"69":{"start":{"line":414,"column":8},"end":{"line":414,"column":66}},"70":{"start":{"line":418,"column":8},"end":{"line":418,"column":82}},"71":{"start":{"line":420,"column":8},"end":{"line":420,"column":18763}},"72":{"start":{"line":424,"column":8},"end":{"line":424,"column":18874}},"73":{"start":{"line":433,"column":8},"end":{"line":433,"column":57}},"74":{"start":{"line":434,"column":8},"end":{"line":434,"column":19224}},"75":{"start":{"line":442,"column":8},"end":{"line":442,"column":24}},"76":{"start":{"line":445,"column":8},"end":{"line":445,"column":72}},"77":{"start":{"line":448,"column":8},"end":{"line":448,"column":19811}},"78":{"start":{"line":449,"column":12},"end":{"line":449,"column":19877}},"79":{"start":{"line":452,"column":16},"end":{"line":452,"column":70}},"80":{"start":{"line":457,"column":8},"end":{"line":457,"column":20154}},"81":{"start":{"line":458,"column":12},"end":{"line":458,"column":59}},"82":{"start":{"line":461,"column":8},"end":{"line":461,"column":65}},"83":{"start":{"line":462,"column":8},"end":{"line":462,"column":20326}},"84":{"start":{"line":465,"column":8},"end":{"line":465,"column":79}},"85":{"start":{"line":468,"column":8},"end":{"line":468,"column":20559}},"86":{"start":{"line":469,"column":12},"end":{"line":469,"column":65}},"87":{"start":{"line":471,"column":12},"end":{"line":471,"column":82}},"88":{"start":{"line":481,"column":8},"end":{"line":481,"column":55}},"89":{"start":{"line":483,"column":8},"end":{"line":483,"column":58}},"90":{"start":{"line":486,"column":8},"end":{"line":486,"column":59}},"91":{"start":{"line":487,"column":8},"end":{"line":487,"column":54}},"92":{"start":{"line":490,"column":8},"end":{"line":490,"column":27}},"93":{"start":{"line":491,"column":8},"end":{"line":491,"column":66}},"94":{"start":{"line":492,"column":8},"end":{"line":492,"column":64}},"95":{"start":{"line":493,"column":8},"end":{"line":493,"column":68}},"96":{"start":{"line":496,"column":8},"end":{"line":496,"column":21773}},"97":{"start":{"line":497,"column":12},"end":{"line":497,"column":52}},"98":{"start":{"line":498,"column":12},"end":{"line":498,"column":22}},"99":{"start":{"line":500,"column":12},"end":{"line":500,"column":21908}},"100":{"start":{"line":501,"column":16},"end":{"line":501,"column":21969}},"101":{"start":{"line":511,"column":12},"end":{"line":511,"column":22226}},"102":{"start":{"line":524,"column":8},"end":{"line":524,"column":22588}},"103":{"start":{"line":532,"column":8},"end":{"line":532,"column":22859}},"104":{"start":{"line":541,"column":8},"end":{"line":541,"column":32}},"105":{"start":{"line":542,"column":8},"end":{"line":542,"column":23160}},"106":{"start":{"line":552,"column":8},"end":{"line":552,"column":95}},"107":{"start":{"line":563,"column":8},"end":{"line":563,"column":76}},"108":{"start":{"line":564,"column":8},"end":{"line":564,"column":74}},"109":{"start":{"line":565,"column":8},"end":{"line":565,"column":64}},"110":{"start":{"line":566,"column":8},"end":{"line":566,"column":27}},"111":{"start":{"line":568,"column":8},"end":{"line":568,"column":24295}},"112":{"start":{"line":569,"column":12},"end":{"line":569,"column":62}},"113":{"start":{"line":571,"column":12},"end":{"line":571,"column":24534}},"114":{"start":{"line":577,"column":8},"end":{"line":577,"column":85}},"115":{"start":{"line":578,"column":8},"end":{"line":578,"column":25}},"116":{"start":{"line":588,"column":8},"end":{"line":588,"column":77}},"117":{"start":{"line":589,"column":8},"end":{"line":589,"column":49}},"118":{"start":{"line":590,"column":8},"end":{"line":590,"column":83}},"119":{"start":{"line":591,"column":8},"end":{"line":591,"column":57}},"120":{"start":{"line":594,"column":8},"end":{"line":594,"column":64}},"121":{"start":{"line":606,"column":8},"end":{"line":606,"column":60}},"122":{"start":{"line":607,"column":8},"end":{"line":607,"column":78}},"123":{"start":{"line":608,"column":8},"end":{"line":608,"column":45}},"124":{"start":{"line":617,"column":8},"end":{"line":617,"column":60}},"125":{"start":{"line":618,"column":8},"end":{"line":618,"column":68}},"126":{"start":{"line":619,"column":8},"end":{"line":619,"column":59}},"127":{"start":{"line":621,"column":8},"end":{"line":621,"column":51}},"128":{"start":{"line":622,"column":8},"end":{"line":622,"column":55}},"129":{"start":{"line":631,"column":8},"end":{"line":631,"column":53}},"130":{"start":{"line":632,"column":8},"end":{"line":632,"column":47}},"131":{"start":{"line":639,"column":8},"end":{"line":639,"column":49}},"132":{"start":{"line":640,"column":8},"end":{"line":640,"column":55}},"133":{"start":{"line":649,"column":8},"end":{"line":649,"column":41}},"134":{"start":{"line":660,"column":8},"end":{"line":660,"column":60}},"135":{"start":{"line":662,"column":8},"end":{"line":662,"column":68}},"136":{"start":{"line":663,"column":8},"end":{"line":663,"column":83}},"137":{"start":{"line":665,"column":8},"end":{"line":665,"column":75}},"138":{"start":{"line":667,"column":8},"end":{"line":667,"column":60}},"139":{"start":{"line":668,"column":8},"end":{"line":668,"column":42}},"140":{"start":{"line":670,"column":8},"end":{"line":670,"column":46}},"141":{"start":{"line":694,"column":8},"end":{"line":694,"column":45}},"142":{"start":{"line":695,"column":8},"end":{"line":695,"column":39}},"143":{"start":{"line":695,"column":33},"end":{"line":695,"column":39}},"144":{"start":{"line":698,"column":8},"end":{"line":698,"column":30012}},"145":{"start":{"line":704,"column":8},"end":{"line":704,"column":34}},"146":{"start":{"line":705,"column":8},"end":{"line":705,"column":61}},"147":{"start":{"line":706,"column":8},"end":{"line":706,"column":30398}},"148":{"start":{"line":707,"column":12},"end":{"line":707,"column":48}},"149":{"start":{"line":708,"column":12},"end":{"line":708,"column":55}},"150":{"start":{"line":710,"column":12},"end":{"line":710,"column":30599}},"151":{"start":{"line":711,"column":16},"end":{"line":711,"column":115}},"152":{"start":{"line":712,"column":16},"end":{"line":712,"column":30828}},"153":{"start":{"line":718,"column":8},"end":{"line":718,"column":30958}},"154":{"start":{"line":719,"column":12},"end":{"line":719,"column":69}},"155":{"start":{"line":722,"column":12},"end":{"line":722,"column":64}},"156":{"start":{"line":723,"column":12},"end":{"line":723,"column":18}},"157":{"start":{"line":727,"column":8},"end":{"line":727,"column":90}},"158":{"start":{"line":729,"column":8},"end":{"line":729,"column":31413}},"159":{"start":{"line":730,"column":12},"end":{"line":730,"column":96}},"160":{"start":{"line":731,"column":12},"end":{"line":731,"column":40}},"161":{"start":{"line":732,"column":12},"end":{"line":732,"column":34}},"162":{"start":{"line":733,"column":12},"end":{"line":733,"column":37}},"163":{"start":{"line":735,"column":12},"end":{"line":735,"column":31693}},"164":{"start":{"line":737,"column":16},"end":{"line":737,"column":31816}},"165":{"start":{"line":739,"column":20},"end":{"line":739,"column":85}},"166":{"start":{"line":743,"column":16},"end":{"line":743,"column":52}},"167":{"start":{"line":746,"column":16},"end":{"line":746,"column":59}},"168":{"start":{"line":748,"column":16},"end":{"line":748,"column":32229}},"169":{"start":{"line":755,"column":20},"end":{"line":755,"column":87}},"170":{"start":{"line":761,"column":12},"end":{"line":761,"column":32718}},"171":{"start":{"line":762,"column":16},"end":{"line":762,"column":75}},"172":{"start":{"line":763,"column":16},"end":{"line":763,"column":105}},"173":{"start":{"line":766,"column":16},"end":{"line":766,"column":69}}},"branchMap":{"1":{"line":157,"type":"if","locations":[{"start":{"line":157,"column":8},"end":{"line":157,"column":8}},{"start":{"line":157,"column":8},"end":{"line":157,"column":8}}]},"2":{"line":161,"type":"if","locations":[{"start":{"line":161,"column":12},"end":{"line":161,"column":12}},{"start":{"line":161,"column":12},"end":{"line":161,"column":12}}]},"3":{"line":193,"type":"if","locations":[{"start":{"line":193,"column":8},"end":{"line":193,"column":8}},{"start":{"line":193,"column":8},"end":{"line":193,"column":8}}]},"4":{"line":196,"type":"if","locations":[{"start":{"line":196,"column":8},"end":{"line":196,"column":8}},{"start":{"line":196,"column":8},"end":{"line":196,"column":8}}]},"5":{"line":196,"type":"cond-expr","locations":[{"start":{"line":196,"column":16},"end":{"line":196,"column":33}},{"start":{"line":196,"column":38},"end":{"line":196,"column":58}}]},"6":{"line":208,"type":"if","locations":[{"start":{"line":208,"column":8},"end":{"line":208,"column":8}},{"start":{"line":208,"column":8},"end":{"line":208,"column":8}}]},"7":{"line":211,"type":"if","locations":[{"start":{"line":211,"column":8},"end":{"line":211,"column":8}},{"start":{"line":211,"column":8},"end":{"line":211,"column":8}}]},"8":{"line":211,"type":"cond-expr","locations":[{"start":{"line":211,"column":16},"end":{"line":211,"column":33}},{"start":{"line":211,"column":38},"end":{"line":211,"column":58}}]},"9":{"line":215,"type":"if","locations":[{"start":{"line":215,"column":49},"end":{"line":215,"column":49}},{"start":{"line":215,"column":49},"end":{"line":215,"column":49}}]},"10":{"line":223,"type":"if","locations":[{"start":{"line":223,"column":28},"end":{"line":223,"column":28}},{"start":{"line":223,"column":28},"end":{"line":223,"column":28}}]},"11":{"line":227,"type":"if","locations":[{"start":{"line":227,"column":30},"end":{"line":227,"column":30}},{"start":{"line":227,"column":30},"end":{"line":227,"column":30}}]},"12":{"line":240,"type":"if","locations":[{"start":{"line":240,"column":77},"end":{"line":240,"column":77}},{"start":{"line":240,"column":77},"end":{"line":240,"column":77}}]},"13":{"line":241,"type":"if","locations":[{"start":{"line":241,"column":8},"end":{"line":241,"column":8}},{"start":{"line":241,"column":8},"end":{"line":241,"column":8}}]},"14":{"line":246,"type":"if","locations":[{"start":{"line":246,"column":59},"end":{"line":246,"column":59}},{"start":{"line":246,"column":59},"end":{"line":246,"column":59}}]},"15":{"line":247,"type":"if","locations":[{"start":{"line":247,"column":8},"end":{"line":247,"column":8}},{"start":{"line":247,"column":8},"end":{"line":247,"column":8}}]},"16":{"line":248,"type":"if","locations":[{"start":{"line":248,"column":8},"end":{"line":248,"column":8}},{"start":{"line":248,"column":8},"end":{"line":248,"column":8}}]},"17":{"line":253,"type":"if","locations":[{"start":{"line":253,"column":61},"end":{"line":253,"column":61}},{"start":{"line":253,"column":61},"end":{"line":253,"column":61}}]},"18":{"line":254,"type":"if","locations":[{"start":{"line":254,"column":8},"end":{"line":254,"column":8}},{"start":{"line":254,"column":8},"end":{"line":254,"column":8}}]},"19":{"line":255,"type":"if","locations":[{"start":{"line":255,"column":8},"end":{"line":255,"column":8}},{"start":{"line":255,"column":8},"end":{"line":255,"column":8}}]},"20":{"line":260,"type":"if","locations":[{"start":{"line":260,"column":55},"end":{"line":260,"column":55}},{"start":{"line":260,"column":55},"end":{"line":260,"column":55}}]},"21":{"line":261,"type":"if","locations":[{"start":{"line":261,"column":8},"end":{"line":261,"column":8}},{"start":{"line":261,"column":8},"end":{"line":261,"column":8}}]},"22":{"line":266,"type":"if","locations":[{"start":{"line":266,"column":82},"end":{"line":266,"column":82}},{"start":{"line":266,"column":82},"end":{"line":266,"column":82}}]},"23":{"line":267,"type":"if","locations":[{"start":{"line":267,"column":8},"end":{"line":267,"column":8}},{"start":{"line":267,"column":8},"end":{"line":267,"column":8}}]},"24":{"line":268,"type":"if","locations":[{"start":{"line":268,"column":8},"end":{"line":268,"column":8}},{"start":{"line":268,"column":8},"end":{"line":268,"column":8}}]},"25":{"line":269,"type":"if","locations":[{"start":{"line":269,"column":8},"end":{"line":269,"column":8}},{"start":{"line":269,"column":8},"end":{"line":269,"column":8}}]},"26":{"line":274,"type":"if","locations":[{"start":{"line":274,"column":59},"end":{"line":274,"column":59}},{"start":{"line":274,"column":59},"end":{"line":274,"column":59}}]},"27":{"line":275,"type":"if","locations":[{"start":{"line":275,"column":8},"end":{"line":275,"column":8}},{"start":{"line":275,"column":8},"end":{"line":275,"column":8}}]},"28":{"line":280,"type":"if","locations":[{"start":{"line":280,"column":64},"end":{"line":280,"column":64}},{"start":{"line":280,"column":64},"end":{"line":280,"column":64}}]},"29":{"line":281,"type":"if","locations":[{"start":{"line":281,"column":8},"end":{"line":281,"column":8}},{"start":{"line":281,"column":8},"end":{"line":281,"column":8}}]},"30":{"line":302,"type":"if","locations":[{"start":{"line":302,"column":68},"end":{"line":302,"column":68}},{"start":{"line":302,"column":68},"end":{"line":302,"column":68}}]},"31":{"line":303,"type":"if","locations":[{"start":{"line":303,"column":8},"end":{"line":303,"column":8}},{"start":{"line":303,"column":8},"end":{"line":303,"column":8}}]},"32":{"line":317,"type":"if","locations":[{"start":{"line":317,"column":80},"end":{"line":317,"column":80}},{"start":{"line":317,"column":80},"end":{"line":317,"column":80}}]},"33":{"line":317,"type":"if","locations":[{"start":{"line":317,"column":90},"end":{"line":317,"column":90}},{"start":{"line":317,"column":90},"end":{"line":317,"column":90}}]},"34":{"line":318,"type":"if","locations":[{"start":{"line":318,"column":8},"end":{"line":318,"column":8}},{"start":{"line":318,"column":8},"end":{"line":318,"column":8}}]},"35":{"line":319,"type":"if","locations":[{"start":{"line":319,"column":8},"end":{"line":319,"column":8}},{"start":{"line":319,"column":8},"end":{"line":319,"column":8}}]},"36":{"line":320,"type":"if","locations":[{"start":{"line":320,"column":8},"end":{"line":320,"column":8}},{"start":{"line":320,"column":8},"end":{"line":320,"column":8}}]},"37":{"line":324,"type":"if","locations":[{"start":{"line":324,"column":12},"end":{"line":324,"column":12}},{"start":{"line":324,"column":12},"end":{"line":324,"column":12}}]},"38":{"line":333,"type":"if","locations":[{"start":{"line":333,"column":12},"end":{"line":333,"column":12}},{"start":{"line":333,"column":12},"end":{"line":333,"column":12}}]},"39":{"line":357,"type":"if","locations":[{"start":{"line":357,"column":8},"end":{"line":357,"column":8}},{"start":{"line":357,"column":8},"end":{"line":357,"column":8}}]},"40":{"line":360,"type":"if","locations":[{"start":{"line":360,"column":8},"end":{"line":360,"column":8}},{"start":{"line":360,"column":8},"end":{"line":360,"column":8}}]},"41":{"line":368,"type":"if","locations":[{"start":{"line":368,"column":8},"end":{"line":368,"column":8}},{"start":{"line":368,"column":8},"end":{"line":368,"column":8}}]},"42":{"line":373,"type":"if","locations":[{"start":{"line":373,"column":43},"end":{"line":373,"column":54}},{"start":{"line":373,"column":58},"end":{"line":373,"column":67}}]},"43":{"line":377,"type":"if","locations":[{"start":{"line":377,"column":8},"end":{"line":377,"column":8}},{"start":{"line":377,"column":8},"end":{"line":377,"column":8}}]},"44":{"line":405,"type":"if","locations":[{"start":{"line":405,"column":89},"end":{"line":405,"column":89}},{"start":{"line":405,"column":89},"end":{"line":405,"column":89}}]},"45":{"line":405,"type":"if","locations":[{"start":{"line":405,"column":103},"end":{"line":405,"column":103}},{"start":{"line":405,"column":103},"end":{"line":405,"column":103}}]},"46":{"line":406,"type":"if","locations":[{"start":{"line":406,"column":8},"end":{"line":406,"column":8}},{"start":{"line":406,"column":8},"end":{"line":406,"column":8}}]},"47":{"line":408,"type":"if","locations":[{"start":{"line":408,"column":8},"end":{"line":408,"column":8}},{"start":{"line":408,"column":8},"end":{"line":408,"column":8}}]},"48":{"line":409,"type":"if","locations":[{"start":{"line":409,"column":8},"end":{"line":409,"column":8}},{"start":{"line":409,"column":8},"end":{"line":409,"column":8}}]},"49":{"line":410,"type":"if","locations":[{"start":{"line":410,"column":8},"end":{"line":410,"column":8}},{"start":{"line":410,"column":8},"end":{"line":410,"column":8}}]},"50":{"line":414,"type":"if","locations":[{"start":{"line":414,"column":8},"end":{"line":414,"column":8}},{"start":{"line":414,"column":8},"end":{"line":414,"column":8}}]},"51":{"line":418,"type":"if","locations":[{"start":{"line":418,"column":56},"end":{"line":418,"column":77}},{"start":{"line":418,"column":81},"end":{"line":418,"column":81}}]},"52":{"line":421,"type":"if","locations":[{"start":{"line":421,"column":14},"end":{"line":421,"column":27}},{"start":{"line":422,"column":14},"end":{"line":422,"column":48}}]},"53":{"line":434,"type":"if","locations":[{"start":{"line":434,"column":8},"end":{"line":434,"column":8}},{"start":{"line":434,"column":8},"end":{"line":434,"column":8}}]},"54":{"line":449,"type":"if","locations":[{"start":{"line":449,"column":12},"end":{"line":449,"column":12}},{"start":{"line":449,"column":12},"end":{"line":449,"column":12}}]},"55":{"line":457,"type":"if","locations":[{"start":{"line":457,"column":8},"end":{"line":457,"column":8}},{"start":{"line":457,"column":8},"end":{"line":457,"column":8}}]},"56":{"line":468,"type":"if","locations":[{"start":{"line":468,"column":8},"end":{"line":468,"column":8}},{"start":{"line":468,"column":8},"end":{"line":468,"column":8}}]},"57":{"line":501,"type":"if","locations":[{"start":{"line":501,"column":16},"end":{"line":501,"column":16}},{"start":{"line":501,"column":16},"end":{"line":501,"column":16}}]},"58":{"line":511,"type":"if","locations":[{"start":{"line":511,"column":12},"end":{"line":511,"column":12}},{"start":{"line":511,"column":12},"end":{"line":511,"column":12}}]},"59":{"line":532,"type":"if","locations":[{"start":{"line":532,"column":8},"end":{"line":532,"column":8}},{"start":{"line":532,"column":8},"end":{"line":532,"column":8}}]},"60":{"line":552,"type":"if","locations":[{"start":{"line":552,"column":8},"end":{"line":552,"column":8}},{"start":{"line":552,"column":8},"end":{"line":552,"column":8}}]},"61":{"line":563,"type":"if","locations":[{"start":{"line":563,"column":8},"end":{"line":563,"column":8}},{"start":{"line":563,"column":8},"end":{"line":563,"column":8}}]},"62":{"line":564,"type":"if","locations":[{"start":{"line":564,"column":8},"end":{"line":564,"column":8}},{"start":{"line":564,"column":8},"end":{"line":564,"column":8}}]},"63":{"line":571,"type":"if","locations":[{"start":{"line":571,"column":12},"end":{"line":571,"column":12}},{"start":{"line":571,"column":12},"end":{"line":571,"column":12}}]},"64":{"line":577,"type":"if","locations":[{"start":{"line":577,"column":8},"end":{"line":577,"column":8}},{"start":{"line":577,"column":8},"end":{"line":577,"column":8}}]},"65":{"line":587,"type":"if","locations":[{"start":{"line":587,"column":51},"end":{"line":587,"column":51}},{"start":{"line":587,"column":51},"end":{"line":587,"column":51}}]},"66":{"line":588,"type":"if","locations":[{"start":{"line":588,"column":8},"end":{"line":588,"column":8}},{"start":{"line":588,"column":8},"end":{"line":588,"column":8}}]},"67":{"line":590,"type":"if","locations":[{"start":{"line":590,"column":8},"end":{"line":590,"column":8}},{"start":{"line":590,"column":8},"end":{"line":590,"column":8}}]},"68":{"line":591,"type":"if","locations":[{"start":{"line":591,"column":8},"end":{"line":591,"column":8}},{"start":{"line":591,"column":8},"end":{"line":591,"column":8}}]},"69":{"line":605,"type":"if","locations":[{"start":{"line":605,"column":78},"end":{"line":605,"column":78}},{"start":{"line":605,"column":78},"end":{"line":605,"column":78}}]},"70":{"line":605,"type":"if","locations":[{"start":{"line":605,"column":88},"end":{"line":605,"column":88}},{"start":{"line":605,"column":88},"end":{"line":605,"column":88}}]},"71":{"line":605,"type":"if","locations":[{"start":{"line":605,"column":101},"end":{"line":605,"column":101}},{"start":{"line":605,"column":101},"end":{"line":605,"column":101}}]},"72":{"line":606,"type":"if","locations":[{"start":{"line":606,"column":8},"end":{"line":606,"column":8}},{"start":{"line":606,"column":8},"end":{"line":606,"column":8}}]},"73":{"line":607,"type":"if","locations":[{"start":{"line":607,"column":8},"end":{"line":607,"column":8}},{"start":{"line":607,"column":8},"end":{"line":607,"column":8}}]},"74":{"line":616,"type":"if","locations":[{"start":{"line":616,"column":53},"end":{"line":616,"column":53}},{"start":{"line":616,"column":53},"end":{"line":616,"column":53}}]},"75":{"line":616,"type":"if","locations":[{"start":{"line":616,"column":63},"end":{"line":616,"column":63}},{"start":{"line":616,"column":63},"end":{"line":616,"column":63}}]},"76":{"line":617,"type":"if","locations":[{"start":{"line":617,"column":8},"end":{"line":617,"column":8}},{"start":{"line":617,"column":8},"end":{"line":617,"column":8}}]},"77":{"line":618,"type":"if","locations":[{"start":{"line":618,"column":8},"end":{"line":618,"column":8}},{"start":{"line":618,"column":8},"end":{"line":618,"column":8}}]},"78":{"line":630,"type":"if","locations":[{"start":{"line":630,"column":43},"end":{"line":630,"column":43}},{"start":{"line":630,"column":43},"end":{"line":630,"column":43}}]},"79":{"line":632,"type":"if","locations":[{"start":{"line":632,"column":8},"end":{"line":632,"column":8}},{"start":{"line":632,"column":8},"end":{"line":632,"column":8}}]},"80":{"line":659,"type":"if","locations":[{"start":{"line":659,"column":53},"end":{"line":659,"column":53}},{"start":{"line":659,"column":53},"end":{"line":659,"column":53}}]},"81":{"line":659,"type":"if","locations":[{"start":{"line":659,"column":63},"end":{"line":659,"column":63}},{"start":{"line":659,"column":63},"end":{"line":659,"column":63}}]},"82":{"line":660,"type":"if","locations":[{"start":{"line":660,"column":8},"end":{"line":660,"column":8}},{"start":{"line":660,"column":8},"end":{"line":660,"column":8}}]},"83":{"line":665,"type":"if","locations":[{"start":{"line":665,"column":8},"end":{"line":665,"column":8}},{"start":{"line":665,"column":8},"end":{"line":665,"column":8}}]},"84":{"line":695,"type":"if","locations":[{"start":{"line":695,"column":8},"end":{"line":695,"column":8}},{"start":{"line":695,"column":8},"end":{"line":695,"column":8}}]},"85":{"line":708,"type":"if","locations":[{"start":{"line":708,"column":12},"end":{"line":708,"column":12}},{"start":{"line":708,"column":12},"end":{"line":708,"column":12}}]},"86":{"line":710,"type":"if","locations":[{"start":{"line":710,"column":12},"end":{"line":710,"column":12}},{"start":{"line":710,"column":12},"end":{"line":710,"column":12}}]},"87":{"line":712,"type":"if","locations":[{"start":{"line":712,"column":16},"end":{"line":712,"column":16}},{"start":{"line":712,"column":16},"end":{"line":712,"column":16}}]},"88":{"line":718,"type":"if","locations":[{"start":{"line":718,"column":8},"end":{"line":718,"column":8}},{"start":{"line":718,"column":8},"end":{"line":718,"column":8}}]},"89":{"line":729,"type":"if","locations":[{"start":{"line":729,"column":8},"end":{"line":729,"column":8}},{"start":{"line":729,"column":8},"end":{"line":729,"column":8}}]},"90":{"line":737,"type":"if","locations":[{"start":{"line":737,"column":16},"end":{"line":737,"column":16}},{"start":{"line":737,"column":16},"end":{"line":737,"column":16}}]},"91":{"line":746,"type":"if","locations":[{"start":{"line":746,"column":16},"end":{"line":746,"column":16}},{"start":{"line":746,"column":16},"end":{"line":746,"column":16}}]},"92":{"line":748,"type":"if","locations":[{"start":{"line":748,"column":16},"end":{"line":748,"column":16}},{"start":{"line":748,"column":16},"end":{"line":748,"column":16}}]},"93":{"line":761,"type":"if","locations":[{"start":{"line":761,"column":12},"end":{"line":761,"column":12}},{"start":{"line":761,"column":12},"end":{"line":761,"column":12}}]},"94":{"line":763,"type":"if","locations":[{"start":{"line":763,"column":67},"end":{"line":763,"column":91}},{"start":{"line":763,"column":95},"end":{"line":763,"column":104}}]}}},"contracts/EcoStabilizer.sol":{"l":{"119":12,"120":12,"121":12,"122":12,"145":175,"146":171,"147":166,"148":166,"151":159,"154":159,"155":159,"157":159,"179":59,"188":59,"189":59,"192":50,"195":50,"196":38,"197":38,"199":38,"209":5,"217":3,"232":3,"233":2,"234":2,"235":2,"251":29,"252":21,"253":19,"254":19,"263":19,"264":19,"267":19,"268":19,"269":303,"270":67,"275":19,"276":19,"277":19,"278":303,"279":67,"280":67,"283":19,"289":50,"290":50,"291":50,"292":50,"293":337,"294":125,"297":50,"303":14,"304":14,"305":14,"306":14,"307":90,"308":26,"311":14,"322":13,"323":12,"325":11,"327":11,"328":34,"331":34,"332":33,"333":33,"334":33,"337":33,"339":33,"341":33,"345":10,"346":10,"347":10,"349":10,"352":10,"361":10,"362":10,"364":10,"367":10,"369":6,"370":17,"373":17,"374":16,"377":16,"379":16,"383":5,"384":5,"387":5,"388":5,"389":5,"391":5,"407":0,"408":0,"410":0,"411":0,"412":0,"415":0,"416":0,"417":0,"421":0,"422":0,"423":0,"424":0,"429":0,"430":0,"431":0,"432":0,"433":0,"434":0,"439":0,"451":0,"452":0,"454":0,"455":0,"456":0,"459":0,"460":0,"461":0,"465":0,"466":0,"467":0,"472":0,"486":0,"487":0,"489":0,"490":0,"491":0,"494":0,"495":0,"496":0,"500":0,"501":0,"502":0,"507":0},"path":"/home/dev/AstaVerde/contracts/EcoStabilizer.sol","s":{"1":12,"2":12,"3":175,"4":171,"5":166,"6":166,"7":159,"8":159,"9":159,"10":59,"11":59,"12":59,"13":50,"14":38,"15":38,"16":38,"17":5,"18":3,"19":3,"20":2,"21":2,"22":29,"23":21,"24":19,"25":19,"26":19,"27":19,"28":19,"29":19,"30":303,"31":19,"32":19,"33":19,"34":303,"35":19,"36":50,"37":50,"38":50,"39":50,"40":337,"41":50,"42":14,"43":14,"44":14,"45":14,"46":90,"47":14,"48":13,"49":12,"50":11,"51":11,"52":34,"53":34,"54":33,"55":33,"56":33,"57":33,"58":10,"59":10,"60":10,"61":10,"62":10,"63":10,"64":10,"65":10,"66":6,"67":17,"68":17,"69":16,"70":16,"71":5,"72":5,"73":5,"74":5,"75":5,"76":0,"77":0,"78":0,"79":0,"80":0,"81":0,"82":0,"83":0,"84":0,"85":0,"86":0,"87":0,"88":0,"89":0,"90":0,"91":0,"92":0,"93":0,"94":0,"95":0,"96":0,"97":0,"98":0,"99":0,"100":0,"101":0,"102":0,"103":0,"104":0,"105":0,"106":0},"b":{"1":[12,0],"2":[12,0],"3":[177,0],"4":[175,2],"5":[171,4],"6":[166,5],"7":[159,7],"8":[59,0],"9":[59,0],"10":[50,9],"11":[5,3],"12":[3,2],"13":[3,1],"14":[2,1],"15":[29,3],"16":[21,8],"17":[19,2],"18":[1,18],"19":[67,236],"20":[67,236],"21":[1,49],"22":[125,212],"23":[1,13],"24":[26,64],"25":[13,0],"26":[13,0],"27":[12,1],"28":[11,1],"29":[33,1],"30":[33,0],"31":[33,0],"32":[10,0],"33":[10,0],"34":[10,0],"35":[10,0],"36":[6,4],"37":[16,1],"38":[16,0],"39":[0,0],"40":[0,0],"41":[0,0],"42":[0,0],"43":[0,0],"44":[0,0],"45":[0,0],"46":[0,0],"47":[0,0],"48":[0,0],"49":[0,0],"50":[0,0],"51":[0,0],"52":[0,0],"53":[0,0],"54":[0,0],"55":[0,0],"56":[0,0],"57":[0,0]},"f":{"1":12,"2":175,"3":59,"4":59,"5":5,"6":3,"7":3,"8":29,"9":19,"10":50,"11":14,"12":13,"13":10,"14":0,"15":0,"16":0},"fnMap":{"1":{"name":"constructor","line":118,"loc":{"start":{"line":118,"column":4},"end":{"line":123,"column":4}}},"2":{"name":"deposit","line":144,"loc":{"start":{"line":144,"column":4},"end":{"line":158,"column":4}}},"3":{"name":"withdraw","line":178,"loc":{"start":{"line":178,"column":4},"end":{"line":180,"column":4}}},"4":{"name":"_withdrawInternal","line":187,"loc":{"start":{"line":187,"column":4},"end":{"line":200,"column":4}}},"5":{"name":"pause","line":208,"loc":{"start":{"line":208,"column":4},"end":{"line":210,"column":4}}},"6":{"name":"unpause","line":216,"loc":{"start":{"line":216,"column":4},"end":{"line":218,"column":4}}},"7":{"name":"setMaxScanRange","line":231,"loc":{"start":{"line":231,"column":4},"end":{"line":236,"column":4}}},"8":{"name":"adminSweepNFT","line":250,"loc":{"start":{"line":250,"column":4},"end":{"line":255,"column":4}}},"9":{"name":"getUserLoans","line":262,"loc":{"start":{"line":262,"column":4},"end":{"line":284,"column":4}}},"10":{"name":"getTotalActiveLoans","line":288,"loc":{"start":{"line":288,"column":4},"end":{"line":298,"column":4}}},"11":{"name":"getUserLoanCount","line":302,"loc":{"start":{"line":302,"column":4},"end":{"line":312,"column":4}}},"12":{"name":"depositBatch","line":321,"loc":{"start":{"line":321,"column":4},"end":{"line":353,"column":4}}},"13":{"name":"withdrawBatch","line":360,"loc":{"start":{"line":360,"column":4},"end":{"line":392,"column":4}}},"14":{"name":"getUserLoansPaginated","line":402,"loc":{"start":{"line":402,"column":4},"end":{"line":440,"column":4}}},"15":{"name":"getTotalActiveLoansPaginated","line":447,"loc":{"start":{"line":447,"column":4},"end":{"line":473,"column":4}}},"16":{"name":"getUserLoanCountPaginated","line":481,"loc":{"start":{"line":481,"column":4},"end":{"line":508,"column":4}}}},"statementMap":{"1":{"start":{"line":119,"column":8},"end":{"line":119,"column":59}},"2":{"start":{"line":120,"column":8},"end":{"line":120,"column":49}},"3":{"start":{"line":145,"column":8},"end":{"line":145,"column":53}},"4":{"start":{"line":146,"column":8},"end":{"line":146,"column":78}},"5":{"start":{"line":147,"column":8},"end":{"line":147,"column":58}},"6":{"start":{"line":148,"column":8},"end":{"line":148,"column":43}},"7":{"start":{"line":154,"column":8},"end":{"line":154,"column":75}},"8":{"start":{"line":155,"column":8},"end":{"line":155,"column":42}},"9":{"start":{"line":157,"column":8},"end":{"line":157,"column":43}},"10":{"start":{"line":179,"column":8},"end":{"line":179,"column":33}},"11":{"start":{"line":188,"column":8},"end":{"line":188,"column":41}},"12":{"start":{"line":189,"column":8},"end":{"line":189,"column":74}},"13":{"start":{"line":195,"column":8},"end":{"line":195,"column":65}},"14":{"start":{"line":196,"column":8},"end":{"line":196,"column":30}},"15":{"start":{"line":197,"column":8},"end":{"line":197,"column":75}},"16":{"start":{"line":199,"column":8},"end":{"line":199,"column":43}},"17":{"start":{"line":209,"column":8},"end":{"line":209,"column":15}},"18":{"start":{"line":217,"column":8},"end":{"line":217,"column":17}},"19":{"start":{"line":232,"column":8},"end":{"line":232,"column":94}},"20":{"start":{"line":233,"column":8},"end":{"line":233,"column":39}},"21":{"start":{"line":235,"column":8},"end":{"line":235,"column":57}},"22":{"start":{"line":251,"column":8},"end":{"line":251,"column":53}},"23":{"start":{"line":252,"column":8},"end":{"line":252,"column":51}},"24":{"start":{"line":253,"column":8},"end":{"line":253,"column":67}},"25":{"start":{"line":254,"column":8},"end":{"line":254,"column":47}},"26":{"start":{"line":263,"column":8},"end":{"line":263,"column":51}},"27":{"start":{"line":264,"column":8},"end":{"line":264,"column":81}},"28":{"start":{"line":267,"column":8},"end":{"line":267,"column":25}},"29":{"start":{"line":268,"column":8},"end":{"line":268,"column":11069}},"30":{"start":{"line":269,"column":12},"end":{"line":269,"column":11128}},"31":{"start":{"line":275,"column":8},"end":{"line":275,"column":57}},"32":{"start":{"line":276,"column":8},"end":{"line":276,"column":25}},"33":{"start":{"line":277,"column":8},"end":{"line":277,"column":11367}},"34":{"start":{"line":278,"column":12},"end":{"line":278,"column":11426}},"35":{"start":{"line":283,"column":8},"end":{"line":283,"column":24}},"36":{"start":{"line":289,"column":8},"end":{"line":289,"column":51}},"37":{"start":{"line":290,"column":8},"end":{"line":290,"column":81}},"38":{"start":{"line":291,"column":8},"end":{"line":291,"column":25}},"39":{"start":{"line":292,"column":8},"end":{"line":292,"column":11985}},"40":{"start":{"line":293,"column":12},"end":{"line":293,"column":12044}},"41":{"start":{"line":297,"column":8},"end":{"line":297,"column":20}},"42":{"start":{"line":303,"column":8},"end":{"line":303,"column":51}},"43":{"start":{"line":304,"column":8},"end":{"line":304,"column":81}},"44":{"start":{"line":305,"column":8},"end":{"line":305,"column":25}},"45":{"start":{"line":306,"column":8},"end":{"line":306,"column":12474}},"46":{"start":{"line":307,"column":12},"end":{"line":307,"column":12533}},"47":{"start":{"line":311,"column":8},"end":{"line":311,"column":20}},"48":{"start":{"line":322,"column":8},"end":{"line":322,"column":50}},"49":{"start":{"line":323,"column":8},"end":{"line":323,"column":56}},"50":{"start":{"line":325,"column":8},"end":{"line":325,"column":28}},"51":{"start":{"line":327,"column":8},"end":{"line":327,"column":13230}},"52":{"start":{"line":328,"column":12},"end":{"line":328,"column":41}},"53":{"start":{"line":331,"column":12},"end":{"line":331,"column":57}},"54":{"start":{"line":332,"column":12},"end":{"line":332,"column":82}},"55":{"start":{"line":333,"column":12},"end":{"line":333,"column":62}},"56":{"start":{"line":334,"column":12},"end":{"line":334,"column":47}},"57":{"start":{"line":341,"column":12},"end":{"line":341,"column":47}},"58":{"start":{"line":345,"column":8},"end":{"line":345,"column":65}},"59":{"start":{"line":346,"column":8},"end":{"line":346,"column":13941}},"60":{"start":{"line":349,"column":8},"end":{"line":349,"column":87}},"61":{"start":{"line":352,"column":8},"end":{"line":352,"column":37}},"62":{"start":{"line":361,"column":8},"end":{"line":361,"column":50}},"63":{"start":{"line":362,"column":8},"end":{"line":362,"column":56}},"64":{"start":{"line":364,"column":8},"end":{"line":364,"column":58}},"65":{"start":{"line":367,"column":8},"end":{"line":367,"column":73}},"66":{"start":{"line":369,"column":8},"end":{"line":369,"column":14783}},"67":{"start":{"line":370,"column":12},"end":{"line":370,"column":41}},"68":{"start":{"line":373,"column":12},"end":{"line":373,"column":60}},"69":{"start":{"line":374,"column":12},"end":{"line":374,"column":73}},"70":{"start":{"line":379,"column":12},"end":{"line":379,"column":47}},"71":{"start":{"line":383,"column":8},"end":{"line":383,"column":60}},"72":{"start":{"line":384,"column":8},"end":{"line":384,"column":25}},"73":{"start":{"line":387,"column":8},"end":{"line":387,"column":65}},"74":{"start":{"line":388,"column":8},"end":{"line":388,"column":15460}},"75":{"start":{"line":391,"column":8},"end":{"line":391,"column":87}},"76":{"start":{"line":407,"column":8},"end":{"line":407,"column":50}},"77":{"start":{"line":408,"column":8},"end":{"line":408,"column":68}},"78":{"start":{"line":410,"column":8},"end":{"line":410,"column":51}},"79":{"start":{"line":411,"column":8},"end":{"line":411,"column":16494}},"80":{"start":{"line":412,"column":12},"end":{"line":412,"column":40}},"81":{"start":{"line":415,"column":8},"end":{"line":415,"column":43}},"82":{"start":{"line":416,"column":8},"end":{"line":416,"column":16628}},"83":{"start":{"line":421,"column":8},"end":{"line":421,"column":25}},"84":{"start":{"line":422,"column":8},"end":{"line":422,"column":16776}},"85":{"start":{"line":423,"column":12},"end":{"line":423,"column":16837}},"86":{"start":{"line":430,"column":8},"end":{"line":430,"column":25}},"87":{"start":{"line":431,"column":8},"end":{"line":431,"column":17058}},"88":{"start":{"line":432,"column":12},"end":{"line":432,"column":17119}},"89":{"start":{"line":451,"column":8},"end":{"line":451,"column":50}},"90":{"start":{"line":452,"column":8},"end":{"line":452,"column":68}},"91":{"start":{"line":454,"column":8},"end":{"line":454,"column":51}},"92":{"start":{"line":455,"column":8},"end":{"line":455,"column":18044}},"93":{"start":{"line":456,"column":12},"end":{"line":456,"column":25}},"94":{"start":{"line":459,"column":8},"end":{"line":459,"column":43}},"95":{"start":{"line":460,"column":8},"end":{"line":460,"column":18163}},"96":{"start":{"line":465,"column":8},"end":{"line":465,"column":18279}},"97":{"start":{"line":466,"column":12},"end":{"line":466,"column":18340}},"98":{"start":{"line":486,"column":8},"end":{"line":486,"column":50}},"99":{"start":{"line":487,"column":8},"end":{"line":487,"column":68}},"100":{"start":{"line":489,"column":8},"end":{"line":489,"column":51}},"101":{"start":{"line":490,"column":8},"end":{"line":490,"column":19264}},"102":{"start":{"line":491,"column":12},"end":{"line":491,"column":25}},"103":{"start":{"line":494,"column":8},"end":{"line":494,"column":43}},"104":{"start":{"line":495,"column":8},"end":{"line":495,"column":19383}},"105":{"start":{"line":500,"column":8},"end":{"line":500,"column":19506}},"106":{"start":{"line":501,"column":12},"end":{"line":501,"column":19567}}},"branchMap":{"1":{"line":119,"type":"if","locations":[{"start":{"line":119,"column":8},"end":{"line":119,"column":8}},{"start":{"line":119,"column":8},"end":{"line":119,"column":8}}]},"2":{"line":120,"type":"if","locations":[{"start":{"line":120,"column":8},"end":{"line":120,"column":8}},{"start":{"line":120,"column":8},"end":{"line":120,"column":8}}]},"3":{"line":144,"type":"if","locations":[{"start":{"line":144,"column":47},"end":{"line":144,"column":47}},{"start":{"line":144,"column":47},"end":{"line":144,"column":47}}]},"4":{"line":144,"type":"if","locations":[{"start":{"line":144,"column":60},"end":{"line":144,"column":60}},{"start":{"line":144,"column":60},"end":{"line":144,"column":60}}]},"5":{"line":145,"type":"if","locations":[{"start":{"line":145,"column":8},"end":{"line":145,"column":8}},{"start":{"line":145,"column":8},"end":{"line":145,"column":8}}]},"6":{"line":146,"type":"if","locations":[{"start":{"line":146,"column":8},"end":{"line":146,"column":8}},{"start":{"line":146,"column":8},"end":{"line":146,"column":8}}]},"7":{"line":148,"type":"if","locations":[{"start":{"line":148,"column":8},"end":{"line":148,"column":8}},{"start":{"line":148,"column":8},"end":{"line":148,"column":8}}]},"8":{"line":178,"type":"if","locations":[{"start":{"line":178,"column":48},"end":{"line":178,"column":48}},{"start":{"line":178,"column":48},"end":{"line":178,"column":48}}]},"9":{"line":178,"type":"if","locations":[{"start":{"line":178,"column":61},"end":{"line":178,"column":61}},{"start":{"line":178,"column":61},"end":{"line":178,"column":61}}]},"10":{"line":189,"type":"if","locations":[{"start":{"line":189,"column":8},"end":{"line":189,"column":8}},{"start":{"line":189,"column":8},"end":{"line":189,"column":8}}]},"11":{"line":208,"type":"if","locations":[{"start":{"line":208,"column":30},"end":{"line":208,"column":30}},{"start":{"line":208,"column":30},"end":{"line":208,"column":30}}]},"12":{"line":216,"type":"if","locations":[{"start":{"line":216,"column":32},"end":{"line":216,"column":32}},{"start":{"line":216,"column":32},"end":{"line":216,"column":32}}]},"13":{"line":231,"type":"if","locations":[{"start":{"line":231,"column":61},"end":{"line":231,"column":61}},{"start":{"line":231,"column":61},"end":{"line":231,"column":61}}]},"14":{"line":232,"type":"if","locations":[{"start":{"line":232,"column":8},"end":{"line":232,"column":8}},{"start":{"line":232,"column":8},"end":{"line":232,"column":8}}]},"15":{"line":250,"type":"if","locations":[{"start":{"line":250,"column":65},"end":{"line":250,"column":65}},{"start":{"line":250,"column":65},"end":{"line":250,"column":65}}]},"16":{"line":251,"type":"if","locations":[{"start":{"line":251,"column":8},"end":{"line":251,"column":8}},{"start":{"line":251,"column":8},"end":{"line":251,"column":8}}]},"17":{"line":252,"type":"if","locations":[{"start":{"line":252,"column":8},"end":{"line":252,"column":8}},{"start":{"line":252,"column":8},"end":{"line":252,"column":8}}]},"18":{"line":264,"type":"if","locations":[{"start":{"line":264,"column":56},"end":{"line":264,"column":67}},{"start":{"line":264,"column":71},"end":{"line":264,"column":80}}]},"19":{"line":269,"type":"if","locations":[{"start":{"line":269,"column":12},"end":{"line":269,"column":12}},{"start":{"line":269,"column":12},"end":{"line":269,"column":12}}]},"20":{"line":278,"type":"if","locations":[{"start":{"line":278,"column":12},"end":{"line":278,"column":12}},{"start":{"line":278,"column":12},"end":{"line":278,"column":12}}]},"21":{"line":290,"type":"if","locations":[{"start":{"line":290,"column":56},"end":{"line":290,"column":67}},{"start":{"line":290,"column":71},"end":{"line":290,"column":80}}]},"22":{"line":293,"type":"if","locations":[{"start":{"line":293,"column":12},"end":{"line":293,"column":12}},{"start":{"line":293,"column":12},"end":{"line":293,"column":12}}]},"23":{"line":304,"type":"if","locations":[{"start":{"line":304,"column":56},"end":{"line":304,"column":67}},{"start":{"line":304,"column":71},"end":{"line":304,"column":80}}]},"24":{"line":307,"type":"if","locations":[{"start":{"line":307,"column":12},"end":{"line":307,"column":12}},{"start":{"line":307,"column":12},"end":{"line":307,"column":12}}]},"25":{"line":321,"type":"if","locations":[{"start":{"line":321,"column":64},"end":{"line":321,"column":64}},{"start":{"line":321,"column":64},"end":{"line":321,"column":64}}]},"26":{"line":321,"type":"if","locations":[{"start":{"line":321,"column":77},"end":{"line":321,"column":77}},{"start":{"line":321,"column":77},"end":{"line":321,"column":77}}]},"27":{"line":322,"type":"if","locations":[{"start":{"line":322,"column":8},"end":{"line":322,"column":8}},{"start":{"line":322,"column":8},"end":{"line":322,"column":8}}]},"28":{"line":323,"type":"if","locations":[{"start":{"line":323,"column":8},"end":{"line":323,"column":8}},{"start":{"line":323,"column":8},"end":{"line":323,"column":8}}]},"29":{"line":331,"type":"if","locations":[{"start":{"line":331,"column":12},"end":{"line":331,"column":12}},{"start":{"line":331,"column":12},"end":{"line":331,"column":12}}]},"30":{"line":332,"type":"if","locations":[{"start":{"line":332,"column":12},"end":{"line":332,"column":12}},{"start":{"line":332,"column":12},"end":{"line":332,"column":12}}]},"31":{"line":334,"type":"if","locations":[{"start":{"line":334,"column":12},"end":{"line":334,"column":12}},{"start":{"line":334,"column":12},"end":{"line":334,"column":12}}]},"32":{"line":360,"type":"if","locations":[{"start":{"line":360,"column":65},"end":{"line":360,"column":65}},{"start":{"line":360,"column":65},"end":{"line":360,"column":65}}]},"33":{"line":360,"type":"if","locations":[{"start":{"line":360,"column":78},"end":{"line":360,"column":78}},{"start":{"line":360,"column":78},"end":{"line":360,"column":78}}]},"34":{"line":361,"type":"if","locations":[{"start":{"line":361,"column":8},"end":{"line":361,"column":8}},{"start":{"line":361,"column":8},"end":{"line":361,"column":8}}]},"35":{"line":362,"type":"if","locations":[{"start":{"line":362,"column":8},"end":{"line":362,"column":8}},{"start":{"line":362,"column":8},"end":{"line":362,"column":8}}]},"36":{"line":367,"type":"if","locations":[{"start":{"line":367,"column":8},"end":{"line":367,"column":8}},{"start":{"line":367,"column":8},"end":{"line":367,"column":8}}]},"37":{"line":373,"type":"if","locations":[{"start":{"line":373,"column":12},"end":{"line":373,"column":12}},{"start":{"line":373,"column":12},"end":{"line":373,"column":12}}]},"38":{"line":374,"type":"if","locations":[{"start":{"line":374,"column":12},"end":{"line":374,"column":12}},{"start":{"line":374,"column":12},"end":{"line":374,"column":12}}]},"39":{"line":407,"type":"if","locations":[{"start":{"line":407,"column":8},"end":{"line":407,"column":8}},{"start":{"line":407,"column":8},"end":{"line":407,"column":8}}]},"40":{"line":408,"type":"if","locations":[{"start":{"line":408,"column":8},"end":{"line":408,"column":8}},{"start":{"line":408,"column":8},"end":{"line":408,"column":8}}]},"41":{"line":411,"type":"if","locations":[{"start":{"line":411,"column":8},"end":{"line":411,"column":8}},{"start":{"line":411,"column":8},"end":{"line":411,"column":8}}]},"42":{"line":416,"type":"if","locations":[{"start":{"line":416,"column":8},"end":{"line":416,"column":8}},{"start":{"line":416,"column":8},"end":{"line":416,"column":8}}]},"43":{"line":423,"type":"if","locations":[{"start":{"line":423,"column":12},"end":{"line":423,"column":12}},{"start":{"line":423,"column":12},"end":{"line":423,"column":12}}]},"44":{"line":432,"type":"if","locations":[{"start":{"line":432,"column":12},"end":{"line":432,"column":12}},{"start":{"line":432,"column":12},"end":{"line":432,"column":12}}]},"45":{"line":439,"type":"if","locations":[{"start":{"line":439,"column":43},"end":{"line":439,"column":51}},{"start":{"line":439,"column":55},"end":{"line":439,"column":55}}]},"46":{"line":451,"type":"if","locations":[{"start":{"line":451,"column":8},"end":{"line":451,"column":8}},{"start":{"line":451,"column":8},"end":{"line":451,"column":8}}]},"47":{"line":452,"type":"if","locations":[{"start":{"line":452,"column":8},"end":{"line":452,"column":8}},{"start":{"line":452,"column":8},"end":{"line":452,"column":8}}]},"48":{"line":455,"type":"if","locations":[{"start":{"line":455,"column":8},"end":{"line":455,"column":8}},{"start":{"line":455,"column":8},"end":{"line":455,"column":8}}]},"49":{"line":460,"type":"if","locations":[{"start":{"line":460,"column":8},"end":{"line":460,"column":8}},{"start":{"line":460,"column":8},"end":{"line":460,"column":8}}]},"50":{"line":466,"type":"if","locations":[{"start":{"line":466,"column":12},"end":{"line":466,"column":12}},{"start":{"line":466,"column":12},"end":{"line":466,"column":12}}]},"51":{"line":472,"type":"if","locations":[{"start":{"line":472,"column":43},"end":{"line":472,"column":51}},{"start":{"line":472,"column":55},"end":{"line":472,"column":55}}]},"52":{"line":486,"type":"if","locations":[{"start":{"line":486,"column":8},"end":{"line":486,"column":8}},{"start":{"line":486,"column":8},"end":{"line":486,"column":8}}]},"53":{"line":487,"type":"if","locations":[{"start":{"line":487,"column":8},"end":{"line":487,"column":8}},{"start":{"line":487,"column":8},"end":{"line":487,"column":8}}]},"54":{"line":490,"type":"if","locations":[{"start":{"line":490,"column":8},"end":{"line":490,"column":8}},{"start":{"line":490,"column":8},"end":{"line":490,"column":8}}]},"55":{"line":495,"type":"if","locations":[{"start":{"line":495,"column":8},"end":{"line":495,"column":8}},{"start":{"line":495,"column":8},"end":{"line":495,"column":8}}]},"56":{"line":501,"type":"if","locations":[{"start":{"line":501,"column":12},"end":{"line":501,"column":12}},{"start":{"line":501,"column":12},"end":{"line":501,"column":12}}]},"57":{"line":507,"type":"if","locations":[{"start":{"line":507,"column":43},"end":{"line":507,"column":51}},{"start":{"line":507,"column":55},"end":{"line":507,"column":55}}]}}},"contracts/IAstaVerde.sol":{"l":{},"path":"/home/dev/AstaVerde/contracts/IAstaVerde.sol","s":{},"b":{},"f":{},"fnMap":{},"statementMap":{},"branchMap":{}},"contracts/MockUSDC.sol":{"l":{"14":25,"23":48,"27":26},"path":"/home/dev/AstaVerde/contracts/MockUSDC.sol","s":{"1":25,"2":48,"3":26},"b":{"1":[25,0],"2":[25,0],"3":[0,0]},"f":{"1":25,"2":48,"3":26},"fnMap":{"1":{"name":"constructor","line":8,"loc":{"start":{"line":8,"column":4},"end":{"line":20,"column":4}}},"2":{"name":"mint","line":22,"loc":{"start":{"line":22,"column":4},"end":{"line":24,"column":4}}},"3":{"name":"decimals","line":26,"loc":{"start":{"line":26,"column":4},"end":{"line":28,"column":4}}}},"statementMap":{"1":{"start":{"line":14,"column":8},"end":{"line":14,"column":628}},"2":{"start":{"line":23,"column":8},"end":{"line":23,"column":24}},"3":{"start":{"line":27,"column":8},"end":{"line":27,"column":24}}},"branchMap":{"1":{"line":14,"type":"if","locations":[{"start":{"line":14,"column":8},"end":{"line":14,"column":8}},{"start":{"line":14,"column":8},"end":{"line":14,"column":8}}]},"2":{"line":15,"type":"cond-expr","locations":[{"start":{"line":15,"column":12},"end":{"line":15,"column":33}},{"start":{"line":16,"column":16},"end":{"line":16,"column":37}}]},"3":{"line":15,"type":"cond-expr","locations":[{"start":{"line":15,"column":12},"end":{"line":16,"column":37}},{"start":{"line":17,"column":16},"end":{"line":17,"column":40}}]}}},"contracts/StabilizedCarbonCoin.sol":{"l":{"14":15,"17":15,"18":1,"24":198,"25":196,"26":194,"27":192,"31":59,"32":57,"36":12,"37":10,"38":8,"39":4,"44":3},"path":"/home/dev/AstaVerde/contracts/StabilizedCarbonCoin.sol","s":{"1":15,"2":15,"3":1,"4":198,"5":196,"6":194,"7":192,"8":59,"9":57,"10":12,"11":10,"12":8,"13":4,"14":3},"b":{"1":[1,14],"2":[198,5],"3":[196,2],"4":[194,2],"5":[192,2],"6":[57,2],"7":[10,2],"8":[8,2]},"f":{"1":15,"2":198,"3":59,"4":12,"5":3},"fnMap":{"1":{"name":"constructor","line":13,"loc":{"start":{"line":13,"column":4},"end":{"line":21,"column":4}}},"2":{"name":"mint","line":23,"loc":{"start":{"line":23,"column":4},"end":{"line":28,"column":4}}},"3":{"name":"burn","line":30,"loc":{"start":{"line":30,"column":4},"end":{"line":33,"column":4}}},"4":{"name":"burnFrom","line":35,"loc":{"start":{"line":35,"column":4},"end":{"line":40,"column":4}}},"5":{"name":"decimals","line":43,"loc":{"start":{"line":43,"column":4},"end":{"line":45,"column":4}}}},"statementMap":{"1":{"start":{"line":14,"column":8},"end":{"line":14,"column":49}},"2":{"start":{"line":17,"column":8},"end":{"line":17,"column":637}},"3":{"start":{"line":18,"column":12},"end":{"line":18,"column":41}},"4":{"start":{"line":24,"column":8},"end":{"line":24,"column":56}},"5":{"start":{"line":25,"column":8},"end":{"line":25,"column":46}},"6":{"start":{"line":26,"column":8},"end":{"line":26,"column":74}},"7":{"start":{"line":27,"column":8},"end":{"line":27,"column":24}},"8":{"start":{"line":31,"column":8},"end":{"line":31,"column":46}},"9":{"start":{"line":32,"column":8},"end":{"line":32,"column":32}},"10":{"start":{"line":36,"column":8},"end":{"line":36,"column":63}},"11":{"start":{"line":37,"column":8},"end":{"line":37,"column":46}},"12":{"start":{"line":38,"column":8},"end":{"line":38,"column":51}},"13":{"start":{"line":39,"column":8},"end":{"line":39,"column":29}},"14":{"start":{"line":44,"column":8},"end":{"line":44,"column":17}}},"branchMap":{"1":{"line":17,"type":"if","locations":[{"start":{"line":17,"column":8},"end":{"line":17,"column":8}},{"start":{"line":17,"column":8},"end":{"line":17,"column":8}}]},"2":{"line":23,"type":"if","locations":[{"start":{"line":23,"column":55},"end":{"line":23,"column":55}},{"start":{"line":23,"column":55},"end":{"line":23,"column":55}}]},"3":{"line":24,"type":"if","locations":[{"start":{"line":24,"column":8},"end":{"line":24,"column":8}},{"start":{"line":24,"column":8},"end":{"line":24,"column":8}}]},"4":{"line":25,"type":"if","locations":[{"start":{"line":25,"column":8},"end":{"line":25,"column":8}},{"start":{"line":25,"column":8},"end":{"line":25,"column":8}}]},"5":{"line":26,"type":"if","locations":[{"start":{"line":26,"column":8},"end":{"line":26,"column":8}},{"start":{"line":26,"column":8},"end":{"line":26,"column":8}}]},"6":{"line":31,"type":"if","locations":[{"start":{"line":31,"column":8},"end":{"line":31,"column":8}},{"start":{"line":31,"column":8},"end":{"line":31,"column":8}}]},"7":{"line":36,"type":"if","locations":[{"start":{"line":36,"column":8},"end":{"line":36,"column":8}},{"start":{"line":36,"column":8},"end":{"line":36,"column":8}}]},"8":{"line":37,"type":"if","locations":[{"start":{"line":37,"column":8},"end":{"line":37,"column":8}},{"start":{"line":37,"column":8},"end":{"line":37,"column":8}}]}}}}