{"contracts/AnotherERC20.sol":{"l":{"7":0,"11":0},"path":"/home/dev/AstaVerde/contracts/AnotherERC20.sol","s":{"1":0,"2":0},"b":{},"f":{"1":0,"2":0},"fnMap":{"1":{"name":"constructor","line":6,"loc":{"start":{"line":6,"column":4},"end":{"line":8,"column":4}}},"2":{"name":"mint","line":10,"loc":{"start":{"line":10,"column":4},"end":{"line":12,"column":4}}}},"statementMap":{"1":{"start":{"line":7,"column":8},"end":{"line":7,"column":39}},"2":{"start":{"line":11,"column":8},"end":{"line":11,"column":24}}},"branchMap":{}},"contracts/AstaVerde.sol":{"l":{"93":11,"94":11,"95":11,"96":11,"97":11,"98":11,"99":11,"100":11,"101":11,"102":11,"103":11,"104":11,"108":0,"112":0,"116":0,"120":0,"124":0,"128":0,"129":0,"139":592,"141":0,"143":0,"146":592,"151":1,"152":1,"153":1,"157":1,"158":1,"159":1,"163":1,"164":1,"165":1,"169":1,"170":1,"171":1,"175":1,"176":1,"177":1,"178":1,"179":1,"183":0,"184":0,"185":0,"189":0,"190":0,"191":0,"195":244,"196":244,"197":243,"199":242,"201":242,"202":242,"204":242,"205":352,"206":352,"207":352,"208":352,"209":352,"212":242,"214":242,"215":242,"216":242,"217":242,"219":242,"228":292,"229":292,"231":292,"232":7,"235":285,"236":285,"239":285,"240":2,"243":283,"244":283,"248":16,"249":16,"251":16,"261":133,"262":133,"263":133,"264":133,"265":133,"267":132,"268":132,"269":132,"273":131,"275":131,"279":131,"285":131,"286":131,"288":131,"289":131,"290":113,"291":113,"292":113,"299":131,"302":131,"305":130,"306":131,"307":131,"312":130,"313":1,"316":130,"317":130,"318":130,"320":130,"323":130,"324":112,"326":18,"329":130,"330":131,"331":131,"342":131,"343":131,"344":131,"347":131,"348":131,"351":131,"352":131,"353":131,"354":131,"357":131,"358":206,"359":206,"361":206,"362":75,"363":74,"364":74,"365":74,"367":1,"368":1,"372":206,"373":132,"374":132,"375":132,"376":132,"379":206,"380":206,"385":131,"386":132,"387":132,"388":132,"393":131,"394":0,"398":131,"399":131,"402":131,"403":131,"404":132,"405":132,"406":132,"407":132,"408":132,"413":131,"429":25,"430":25,"431":25,"432":25,"434":25,"435":37,"437":37,"438":27,"439":27,"443":25,"444":25,"448":7,"449":7,"450":7,"451":6,"453":5,"454":5,"458":2,"459":2,"460":1,"461":1,"462":1,"463":1,"467":373,"468":373,"471":311,"477":311,"478":311,"479":311,"480":1928,"481":1928,"483":1925,"484":70,"485":70,"486":67,"491":311,"492":67,"493":67,"494":67,"495":67,"496":67,"500":244,"502":244,"503":26,"504":26,"505":26,"506":26,"508":26,"510":161,"511":0,"512":0,"513":0,"516":161,"519":161,"521":161,"526":41,"527":41,"530":161,"533":26,"534":8,"535":8,"536":8,"537":8,"538":8},"path":"/home/dev/AstaVerde/contracts/AstaVerde.sol","s":{"1":0,"2":0,"3":0,"4":0,"5":0,"6":0,"7":592,"8":0,"9":0,"10":592,"11":1,"12":1,"13":1,"14":1,"15":1,"16":1,"17":1,"18":1,"19":1,"20":1,"21":1,"22":0,"23":0,"24":0,"25":0,"26":244,"27":244,"28":243,"29":242,"30":242,"31":242,"32":242,"33":352,"34":242,"35":242,"36":242,"37":242,"38":292,"39":292,"40":292,"41":7,"42":285,"43":285,"44":285,"45":2,"46":283,"47":283,"48":16,"49":16,"50":16,"51":133,"52":133,"53":133,"54":133,"55":133,"56":132,"57":132,"58":132,"59":131,"60":131,"61":131,"62":131,"63":131,"64":131,"65":131,"66":130,"67":131,"68":131,"69":130,"70":1,"71":130,"72":130,"73":130,"74":130,"75":112,"76":18,"77":130,"78":131,"79":131,"80":131,"81":131,"82":131,"83":131,"84":131,"85":131,"86":131,"87":131,"88":131,"89":206,"90":206,"91":206,"92":75,"93":206,"94":131,"95":131,"96":131,"97":131,"98":131,"99":25,"100":25,"101":25,"102":25,"103":25,"104":37,"105":37,"106":25,"107":25,"108":7,"109":7,"110":7,"111":6,"112":5,"113":2,"114":2,"115":1,"116":1,"117":1,"118":373,"119":373,"120":62,"121":311,"122":311,"123":311,"124":311,"125":1928,"126":1928,"127":1925,"128":70,"129":70,"130":311,"131":67,"132":67,"133":67,"134":244,"135":244,"136":26,"137":26,"138":26,"139":26,"140":26,"141":161,"142":0,"143":161,"144":161,"145":161,"146":26,"147":8,"148":8,"149":8},"b":{"1":[0,0],"2":[0,0],"3":[0,0],"4":[0,0],"5":[0,0],"6":[0,592],"7":[0,0],"8":[0,0],"9":[1,1],"10":[1,0],"11":[1,0],"12":[1,0],"13":[1,0],"14":[1,0],"15":[1,1],"16":[1,0],"17":[1,1],"18":[1,0],"19":[1,0],"20":[1,0],"21":[0,0],"22":[0,0],"23":[0,0],"24":[0,0],"25":[244,0],"26":[244,0],"27":[244,0],"28":[243,1],"29":[242,1],"30":[352,0],"31":[292,0],"32":[7,285],"33":[2,283],"34":[277,6],"35":[16,0],"36":[133,0],"37":[133,0],"38":[133,0],"39":[133,0],"40":[133,0],"41":[132,1],"42":[131,1],"43":[2,129],"44":[106,25],"45":[113,18],"46":[131,0],"47":[1,129],"48":[112,18],"49":[131,0],"50":[74,1],"51":[132,74],"52":[0,131],"53":[25,0],"54":[25,0],"55":[27,10],"56":[25,0],"57":[7,0],"58":[7,0],"59":[6,1],"60":[5,1],"61":[2,1],"62":[2,0],"63":[2,0],"64":[2,0],"65":[1,1],"66":[62,311],"67":[3,1925],"68":[70,1855],"69":[67,3],"70":[67,244],"71":[26,218],"72":[0,161],"73":[0,161],"74":[41,120],"75":[8,18],"76":[7,1]},"f":{"1":11,"2":0,"3":0,"4":0,"5":0,"6":0,"7":0,"8":592,"9":1,"10":1,"11":1,"12":1,"13":1,"14":0,"15":0,"16":244,"17":292,"18":16,"19":133,"20":131,"21":25,"22":7,"23":2,"24":373},"fnMap":{"1":{"name":"constructor","line":92,"loc":{"start":{"line":92,"column":4},"end":{"line":105,"column":4}}},"2":{"name":"supportsInterface","line":107,"loc":{"start":{"line":107,"column":4},"end":{"line":109,"column":4}}},"3":{"name":"setURI","line":111,"loc":{"start":{"line":111,"column":4},"end":{"line":113,"column":4}}},"4":{"name":"uri","line":115,"loc":{"start":{"line":115,"column":4},"end":{"line":117,"column":4}}},"5":{"name":"pause","line":119,"loc":{"start":{"line":119,"column":4},"end":{"line":121,"column":4}}},"6":{"name":"unpause","line":123,"loc":{"start":{"line":123,"column":4},"end":{"line":125,"column":4}}},"7":{"name":"setTrustedVault","line":127,"loc":{"start":{"line":127,"column":4},"end":{"line":130,"column":4}}},"8":{"name":"_update","line":132,"loc":{"start":{"line":132,"column":4},"end":{"line":148,"column":4}}},"9":{"name":"setPlatformSharePercentage","line":150,"loc":{"start":{"line":150,"column":4},"end":{"line":154,"column":4}}},"10":{"name":"setPriceFloor","line":156,"loc":{"start":{"line":156,"column":4},"end":{"line":160,"column":4}}},"11":{"name":"setBasePrice","line":162,"loc":{"start":{"line":162,"column":4},"end":{"line":166,"column":4}}},"12":{"name":"setMaxBatchSize","line":168,"loc":{"start":{"line":168,"column":4},"end":{"line":172,"column":4}}},"13":{"name":"setAuctionDayThresholds","line":174,"loc":{"start":{"line":174,"column":4},"end":{"line":180,"column":4}}},"14":{"name":"setPriceDelta","line":182,"loc":{"start":{"line":182,"column":4},"end":{"line":186,"column":4}}},"15":{"name":"setDailyPriceDecay","line":188,"loc":{"start":{"line":188,"column":4},"end":{"line":192,"column":4}}},"16":{"name":"mintBatch","line":194,"loc":{"start":{"line":194,"column":4},"end":{"line":220,"column":4}}},"17":{"name":"getCurrentBatchPrice","line":227,"loc":{"start":{"line":227,"column":4},"end":{"line":245,"column":4}}},"18":{"name":"getBatchInfo","line":247,"loc":{"start":{"line":247,"column":4},"end":{"line":258,"column":4}}},"19":{"name":"buyBatch","line":260,"loc":{"start":{"line":260,"column":4},"end":{"line":334,"column":4}}},"20":{"name":"calculateTransferDetails","line":336,"loc":{"start":{"line":336,"column":4},"end":{"line":414,"column":4}}},"21":{"name":"getPartialIds","line":428,"loc":{"start":{"line":428,"column":4},"end":{"line":445,"column":4}}},"22":{"name":"redeemToken","line":447,"loc":{"start":{"line":447,"column":4},"end":{"line":455,"column":4}}},"23":{"name":"claimPlatformFunds","line":457,"loc":{"start":{"line":457,"column":4},"end":{"line":464,"column":4}}},"24":{"name":"updateBasePrice","line":466,"loc":{"start":{"line":466,"column":4},"end":{"line":541,"column":4}}}},"statementMap":{"1":{"start":{"line":108,"column":8},"end":{"line":108,"column":51}},"2":{"start":{"line":112,"column":8},"end":{"line":112,"column":22}},"3":{"start":{"line":116,"column":8},"end":{"line":116,"column":80}},"4":{"start":{"line":120,"column":8},"end":{"line":120,"column":15}},"5":{"start":{"line":124,"column":8},"end":{"line":124,"column":17}},"6":{"start":{"line":128,"column":8},"end":{"line":128,"column":61}},"7":{"start":{"line":139,"column":8},"end":{"line":139,"column":5459}},"8":{"start":{"line":141,"column":12},"end":{"line":141,"column":82}},"9":{"start":{"line":143,"column":12},"end":{"line":143,"column":49}},"10":{"start":{"line":146,"column":12},"end":{"line":146,"column":47}},"11":{"start":{"line":151,"column":8},"end":{"line":151,"column":76}},"12":{"start":{"line":153,"column":8},"end":{"line":153,"column":59}},"13":{"start":{"line":157,"column":8},"end":{"line":157,"column":56}},"14":{"start":{"line":159,"column":8},"end":{"line":159,"column":71}},"15":{"start":{"line":163,"column":8},"end":{"line":163,"column":62}},"16":{"start":{"line":165,"column":8},"end":{"line":165,"column":84}},"17":{"start":{"line":169,"column":8},"end":{"line":169,"column":85}},"18":{"start":{"line":171,"column":8},"end":{"line":171,"column":37}},"19":{"start":{"line":175,"column":8},"end":{"line":175,"column":58}},"20":{"start":{"line":176,"column":8},"end":{"line":176,"column":58}},"21":{"start":{"line":177,"column":8},"end":{"line":177,"column":95}},"22":{"start":{"line":183,"column":8},"end":{"line":183,"column":65}},"23":{"start":{"line":185,"column":8},"end":{"line":185,"column":41}},"24":{"start":{"line":189,"column":8},"end":{"line":189,"column":65}},"25":{"start":{"line":191,"column":8},"end":{"line":191,"column":46}},"26":{"start":{"line":195,"column":8},"end":{"line":195,"column":61}},"27":{"start":{"line":196,"column":8},"end":{"line":196,"column":94}},"28":{"start":{"line":197,"column":8},"end":{"line":197,"column":85}},"29":{"start":{"line":199,"column":8},"end":{"line":199,"column":24}},"30":{"start":{"line":201,"column":8},"end":{"line":201,"column":62}},"31":{"start":{"line":202,"column":8},"end":{"line":202,"column":66}},"32":{"start":{"line":204,"column":8},"end":{"line":204,"column":8358}},"33":{"start":{"line":205,"column":12},"end":{"line":205,"column":74}},"34":{"start":{"line":212,"column":8},"end":{"line":212,"column":50}},"35":{"start":{"line":215,"column":8},"end":{"line":215,"column":41}},"36":{"start":{"line":216,"column":8},"end":{"line":216,"column":90}},"37":{"start":{"line":219,"column":8},"end":{"line":219,"column":54}},"38":{"start":{"line":228,"column":8},"end":{"line":228,"column":76}},"39":{"start":{"line":229,"column":8},"end":{"line":229,"column":50}},"40":{"start":{"line":231,"column":8},"end":{"line":231,"column":9430}},"41":{"start":{"line":232,"column":12},"end":{"line":232,"column":43}},"42":{"start":{"line":235,"column":8},"end":{"line":235,"column":93}},"43":{"start":{"line":236,"column":8},"end":{"line":236,"column":68}},"44":{"start":{"line":239,"column":8},"end":{"line":239,"column":9774}},"45":{"start":{"line":240,"column":12},"end":{"line":240,"column":29}},"46":{"start":{"line":243,"column":8},"end":{"line":243,"column":67}},"47":{"start":{"line":244,"column":8},"end":{"line":244,"column":68}},"48":{"start":{"line":248,"column":8},"end":{"line":248,"column":76}},"49":{"start":{"line":249,"column":8},"end":{"line":249,"column":50}},"50":{"start":{"line":251,"column":8},"end":{"line":251,"column":10268}},"51":{"start":{"line":261,"column":8},"end":{"line":261,"column":76}},"52":{"start":{"line":262,"column":8},"end":{"line":262,"column":50}},"53":{"start":{"line":263,"column":8},"end":{"line":263,"column":63}},"54":{"start":{"line":264,"column":8},"end":{"line":264,"column":55}},"55":{"start":{"line":265,"column":8},"end":{"line":265,"column":82}},"56":{"start":{"line":267,"column":8},"end":{"line":267,"column":60}},"57":{"start":{"line":268,"column":8},"end":{"line":268,"column":54}},"58":{"start":{"line":269,"column":8},"end":{"line":269,"column":66}},"59":{"start":{"line":273,"column":8},"end":{"line":273,"column":82}},"60":{"start":{"line":275,"column":8},"end":{"line":275,"column":11369}},"61":{"start":{"line":279,"column":8},"end":{"line":279,"column":11480}},"62":{"start":{"line":288,"column":8},"end":{"line":288,"column":57}},"63":{"start":{"line":289,"column":8},"end":{"line":289,"column":11830}},"64":{"start":{"line":299,"column":8},"end":{"line":299,"column":24}},"65":{"start":{"line":302,"column":8},"end":{"line":302,"column":72}},"66":{"start":{"line":305,"column":8},"end":{"line":305,"column":12597}},"67":{"start":{"line":306,"column":12},"end":{"line":306,"column":12663}},"68":{"start":{"line":307,"column":16},"end":{"line":307,"column":64}},"69":{"start":{"line":312,"column":8},"end":{"line":312,"column":12821}},"70":{"start":{"line":313,"column":12},"end":{"line":313,"column":59}},"71":{"start":{"line":316,"column":8},"end":{"line":316,"column":65}},"72":{"start":{"line":317,"column":8},"end":{"line":317,"column":12993}},"73":{"start":{"line":320,"column":8},"end":{"line":320,"column":79}},"74":{"start":{"line":323,"column":8},"end":{"line":323,"column":13226}},"75":{"start":{"line":324,"column":12},"end":{"line":324,"column":65}},"76":{"start":{"line":326,"column":12},"end":{"line":326,"column":82}},"77":{"start":{"line":329,"column":8},"end":{"line":329,"column":13436}},"78":{"start":{"line":330,"column":12},"end":{"line":330,"column":13502}},"79":{"start":{"line":331,"column":16},"end":{"line":331,"column":63}},"80":{"start":{"line":342,"column":8},"end":{"line":342,"column":55}},"81":{"start":{"line":344,"column":8},"end":{"line":344,"column":58}},"82":{"start":{"line":347,"column":8},"end":{"line":347,"column":59}},"83":{"start":{"line":348,"column":8},"end":{"line":348,"column":54}},"84":{"start":{"line":351,"column":8},"end":{"line":351,"column":27}},"85":{"start":{"line":352,"column":8},"end":{"line":352,"column":66}},"86":{"start":{"line":353,"column":8},"end":{"line":353,"column":64}},"87":{"start":{"line":354,"column":8},"end":{"line":354,"column":68}},"88":{"start":{"line":357,"column":8},"end":{"line":357,"column":14622}},"89":{"start":{"line":358,"column":12},"end":{"line":358,"column":52}},"90":{"start":{"line":359,"column":12},"end":{"line":359,"column":22}},"91":{"start":{"line":361,"column":12},"end":{"line":361,"column":14757}},"92":{"start":{"line":362,"column":16},"end":{"line":362,"column":14818}},"93":{"start":{"line":372,"column":12},"end":{"line":372,"column":15075}},"94":{"start":{"line":385,"column":8},"end":{"line":385,"column":15437}},"95":{"start":{"line":393,"column":8},"end":{"line":393,"column":15696}},"96":{"start":{"line":402,"column":8},"end":{"line":402,"column":32}},"97":{"start":{"line":403,"column":8},"end":{"line":403,"column":15997}},"98":{"start":{"line":413,"column":8},"end":{"line":413,"column":61}},"99":{"start":{"line":429,"column":8},"end":{"line":429,"column":76}},"100":{"start":{"line":430,"column":8},"end":{"line":430,"column":74}},"101":{"start":{"line":431,"column":8},"end":{"line":431,"column":64}},"102":{"start":{"line":432,"column":8},"end":{"line":432,"column":27}},"103":{"start":{"line":434,"column":8},"end":{"line":434,"column":17483}},"104":{"start":{"line":435,"column":12},"end":{"line":435,"column":62}},"105":{"start":{"line":437,"column":12},"end":{"line":437,"column":17722}},"106":{"start":{"line":443,"column":8},"end":{"line":443,"column":85}},"107":{"start":{"line":444,"column":8},"end":{"line":444,"column":25}},"108":{"start":{"line":448,"column":8},"end":{"line":448,"column":77}},"109":{"start":{"line":449,"column":8},"end":{"line":449,"column":49}},"110":{"start":{"line":450,"column":8},"end":{"line":450,"column":83}},"111":{"start":{"line":451,"column":8},"end":{"line":451,"column":57}},"112":{"start":{"line":454,"column":8},"end":{"line":454,"column":64}},"113":{"start":{"line":458,"column":8},"end":{"line":458,"column":60}},"114":{"start":{"line":459,"column":8},"end":{"line":459,"column":68}},"115":{"start":{"line":460,"column":8},"end":{"line":460,"column":59}},"116":{"start":{"line":462,"column":8},"end":{"line":462,"column":51}},"117":{"start":{"line":463,"column":8},"end":{"line":463,"column":55}},"118":{"start":{"line":467,"column":8},"end":{"line":467,"column":45}},"119":{"start":{"line":468,"column":8},"end":{"line":468,"column":39}},"120":{"start":{"line":468,"column":33},"end":{"line":468,"column":39}},"121":{"start":{"line":471,"column":8},"end":{"line":471,"column":19122}},"122":{"start":{"line":477,"column":8},"end":{"line":477,"column":34}},"123":{"start":{"line":478,"column":8},"end":{"line":478,"column":61}},"124":{"start":{"line":479,"column":8},"end":{"line":479,"column":19508}},"125":{"start":{"line":480,"column":12},"end":{"line":480,"column":48}},"126":{"start":{"line":481,"column":12},"end":{"line":481,"column":55}},"127":{"start":{"line":483,"column":12},"end":{"line":483,"column":19709}},"128":{"start":{"line":484,"column":16},"end":{"line":484,"column":115}},"129":{"start":{"line":485,"column":16},"end":{"line":485,"column":19938}},"130":{"start":{"line":491,"column":8},"end":{"line":491,"column":20068}},"131":{"start":{"line":492,"column":12},"end":{"line":492,"column":69}},"132":{"start":{"line":495,"column":12},"end":{"line":495,"column":64}},"133":{"start":{"line":496,"column":12},"end":{"line":496,"column":18}},"134":{"start":{"line":500,"column":8},"end":{"line":500,"column":90}},"135":{"start":{"line":502,"column":8},"end":{"line":502,"column":20545}},"136":{"start":{"line":503,"column":12},"end":{"line":503,"column":96}},"137":{"start":{"line":504,"column":12},"end":{"line":504,"column":40}},"138":{"start":{"line":505,"column":12},"end":{"line":505,"column":34}},"139":{"start":{"line":506,"column":12},"end":{"line":506,"column":37}},"140":{"start":{"line":508,"column":12},"end":{"line":508,"column":20825}},"141":{"start":{"line":510,"column":16},"end":{"line":510,"column":20948}},"142":{"start":{"line":512,"column":20},"end":{"line":512,"column":85}},"143":{"start":{"line":516,"column":16},"end":{"line":516,"column":52}},"144":{"start":{"line":519,"column":16},"end":{"line":519,"column":59}},"145":{"start":{"line":521,"column":16},"end":{"line":521,"column":21364}},"146":{"start":{"line":533,"column":12},"end":{"line":533,"column":21764}},"147":{"start":{"line":534,"column":16},"end":{"line":534,"column":75}},"148":{"start":{"line":535,"column":16},"end":{"line":535,"column":105}},"149":{"start":{"line":538,"column":16},"end":{"line":538,"column":69}}},"branchMap":{"1":{"line":111,"type":"if","locations":[{"start":{"line":111,"column":49},"end":{"line":111,"column":49}},{"start":{"line":111,"column":49},"end":{"line":111,"column":49}}]},"2":{"line":119,"type":"if","locations":[{"start":{"line":119,"column":28},"end":{"line":119,"column":28}},{"start":{"line":119,"column":28},"end":{"line":119,"column":28}}]},"3":{"line":123,"type":"if","locations":[{"start":{"line":123,"column":30},"end":{"line":123,"column":30}},{"start":{"line":123,"column":30},"end":{"line":123,"column":30}}]},"4":{"line":127,"type":"if","locations":[{"start":{"line":127,"column":54},"end":{"line":127,"column":54}},{"start":{"line":127,"column":54},"end":{"line":127,"column":54}}]},"5":{"line":128,"type":"if","locations":[{"start":{"line":128,"column":8},"end":{"line":128,"column":8}},{"start":{"line":128,"column":8},"end":{"line":128,"column":8}}]},"6":{"line":139,"type":"if","locations":[{"start":{"line":139,"column":8},"end":{"line":139,"column":8}},{"start":{"line":139,"column":8},"end":{"line":139,"column":8}}]},"7":{"line":141,"type":"if","locations":[{"start":{"line":141,"column":12},"end":{"line":141,"column":12}},{"start":{"line":141,"column":12},"end":{"line":141,"column":12}}]},"8":{"line":141,"type":"cond-expr","locations":[{"start":{"line":141,"column":20},"end":{"line":141,"column":39}},{"start":{"line":141,"column":44},"end":{"line":141,"column":61}}]},"9":{"line":150,"type":"if","locations":[{"start":{"line":150,"column":77},"end":{"line":150,"column":77}},{"start":{"line":150,"column":77},"end":{"line":150,"column":77}}]},"10":{"line":151,"type":"if","locations":[{"start":{"line":151,"column":8},"end":{"line":151,"column":8}},{"start":{"line":151,"column":8},"end":{"line":151,"column":8}}]},"11":{"line":156,"type":"if","locations":[{"start":{"line":156,"column":59},"end":{"line":156,"column":59}},{"start":{"line":156,"column":59},"end":{"line":156,"column":59}}]},"12":{"line":157,"type":"if","locations":[{"start":{"line":157,"column":8},"end":{"line":157,"column":8}},{"start":{"line":157,"column":8},"end":{"line":157,"column":8}}]},"13":{"line":162,"type":"if","locations":[{"start":{"line":162,"column":61},"end":{"line":162,"column":61}},{"start":{"line":162,"column":61},"end":{"line":162,"column":61}}]},"14":{"line":163,"type":"if","locations":[{"start":{"line":163,"column":8},"end":{"line":163,"column":8}},{"start":{"line":163,"column":8},"end":{"line":163,"column":8}}]},"15":{"line":168,"type":"if","locations":[{"start":{"line":168,"column":55},"end":{"line":168,"column":55}},{"start":{"line":168,"column":55},"end":{"line":168,"column":55}}]},"16":{"line":169,"type":"if","locations":[{"start":{"line":169,"column":8},"end":{"line":169,"column":8}},{"start":{"line":169,"column":8},"end":{"line":169,"column":8}}]},"17":{"line":174,"type":"if","locations":[{"start":{"line":174,"column":82},"end":{"line":174,"column":82}},{"start":{"line":174,"column":82},"end":{"line":174,"column":82}}]},"18":{"line":175,"type":"if","locations":[{"start":{"line":175,"column":8},"end":{"line":175,"column":8}},{"start":{"line":175,"column":8},"end":{"line":175,"column":8}}]},"19":{"line":176,"type":"if","locations":[{"start":{"line":176,"column":8},"end":{"line":176,"column":8}},{"start":{"line":176,"column":8},"end":{"line":176,"column":8}}]},"20":{"line":177,"type":"if","locations":[{"start":{"line":177,"column":8},"end":{"line":177,"column":8}},{"start":{"line":177,"column":8},"end":{"line":177,"column":8}}]},"21":{"line":182,"type":"if","locations":[{"start":{"line":182,"column":59},"end":{"line":182,"column":59}},{"start":{"line":182,"column":59},"end":{"line":182,"column":59}}]},"22":{"line":183,"type":"if","locations":[{"start":{"line":183,"column":8},"end":{"line":183,"column":8}},{"start":{"line":183,"column":8},"end":{"line":183,"column":8}}]},"23":{"line":188,"type":"if","locations":[{"start":{"line":188,"column":64},"end":{"line":188,"column":64}},{"start":{"line":188,"column":64},"end":{"line":188,"column":64}}]},"24":{"line":189,"type":"if","locations":[{"start":{"line":189,"column":8},"end":{"line":189,"column":8}},{"start":{"line":189,"column":8},"end":{"line":189,"column":8}}]},"25":{"line":194,"type":"if","locations":[{"start":{"line":194,"column":80},"end":{"line":194,"column":80}},{"start":{"line":194,"column":80},"end":{"line":194,"column":80}}]},"26":{"line":194,"type":"if","locations":[{"start":{"line":194,"column":90},"end":{"line":194,"column":90}},{"start":{"line":194,"column":90},"end":{"line":194,"column":90}}]},"27":{"line":195,"type":"if","locations":[{"start":{"line":195,"column":8},"end":{"line":195,"column":8}},{"start":{"line":195,"column":8},"end":{"line":195,"column":8}}]},"28":{"line":196,"type":"if","locations":[{"start":{"line":196,"column":8},"end":{"line":196,"column":8}},{"start":{"line":196,"column":8},"end":{"line":196,"column":8}}]},"29":{"line":197,"type":"if","locations":[{"start":{"line":197,"column":8},"end":{"line":197,"column":8}},{"start":{"line":197,"column":8},"end":{"line":197,"column":8}}]},"30":{"line":205,"type":"if","locations":[{"start":{"line":205,"column":12},"end":{"line":205,"column":12}},{"start":{"line":205,"column":12},"end":{"line":205,"column":12}}]},"31":{"line":228,"type":"if","locations":[{"start":{"line":228,"column":8},"end":{"line":228,"column":8}},{"start":{"line":228,"column":8},"end":{"line":228,"column":8}}]},"32":{"line":231,"type":"if","locations":[{"start":{"line":231,"column":8},"end":{"line":231,"column":8}},{"start":{"line":231,"column":8},"end":{"line":231,"column":8}}]},"33":{"line":239,"type":"if","locations":[{"start":{"line":239,"column":8},"end":{"line":239,"column":8}},{"start":{"line":239,"column":8},"end":{"line":239,"column":8}}]},"34":{"line":244,"type":"if","locations":[{"start":{"line":244,"column":43},"end":{"line":244,"column":54}},{"start":{"line":244,"column":58},"end":{"line":244,"column":67}}]},"35":{"line":248,"type":"if","locations":[{"start":{"line":248,"column":8},"end":{"line":248,"column":8}},{"start":{"line":248,"column":8},"end":{"line":248,"column":8}}]},"36":{"line":260,"type":"if","locations":[{"start":{"line":260,"column":89},"end":{"line":260,"column":89}},{"start":{"line":260,"column":89},"end":{"line":260,"column":89}}]},"37":{"line":260,"type":"if","locations":[{"start":{"line":260,"column":103},"end":{"line":260,"column":103}},{"start":{"line":260,"column":103},"end":{"line":260,"column":103}}]},"38":{"line":261,"type":"if","locations":[{"start":{"line":261,"column":8},"end":{"line":261,"column":8}},{"start":{"line":261,"column":8},"end":{"line":261,"column":8}}]},"39":{"line":263,"type":"if","locations":[{"start":{"line":263,"column":8},"end":{"line":263,"column":8}},{"start":{"line":263,"column":8},"end":{"line":263,"column":8}}]},"40":{"line":264,"type":"if","locations":[{"start":{"line":264,"column":8},"end":{"line":264,"column":8}},{"start":{"line":264,"column":8},"end":{"line":264,"column":8}}]},"41":{"line":265,"type":"if","locations":[{"start":{"line":265,"column":8},"end":{"line":265,"column":8}},{"start":{"line":265,"column":8},"end":{"line":265,"column":8}}]},"42":{"line":269,"type":"if","locations":[{"start":{"line":269,"column":8},"end":{"line":269,"column":8}},{"start":{"line":269,"column":8},"end":{"line":269,"column":8}}]},"43":{"line":273,"type":"if","locations":[{"start":{"line":273,"column":56},"end":{"line":273,"column":77}},{"start":{"line":273,"column":81},"end":{"line":273,"column":81}}]},"44":{"line":276,"type":"if","locations":[{"start":{"line":276,"column":14},"end":{"line":276,"column":27}},{"start":{"line":277,"column":14},"end":{"line":277,"column":48}}]},"45":{"line":289,"type":"if","locations":[{"start":{"line":289,"column":8},"end":{"line":289,"column":8}},{"start":{"line":289,"column":8},"end":{"line":289,"column":8}}]},"46":{"line":306,"type":"if","locations":[{"start":{"line":306,"column":12},"end":{"line":306,"column":12}},{"start":{"line":306,"column":12},"end":{"line":306,"column":12}}]},"47":{"line":312,"type":"if","locations":[{"start":{"line":312,"column":8},"end":{"line":312,"column":8}},{"start":{"line":312,"column":8},"end":{"line":312,"column":8}}]},"48":{"line":323,"type":"if","locations":[{"start":{"line":323,"column":8},"end":{"line":323,"column":8}},{"start":{"line":323,"column":8},"end":{"line":323,"column":8}}]},"49":{"line":330,"type":"if","locations":[{"start":{"line":330,"column":12},"end":{"line":330,"column":12}},{"start":{"line":330,"column":12},"end":{"line":330,"column":12}}]},"50":{"line":362,"type":"if","locations":[{"start":{"line":362,"column":16},"end":{"line":362,"column":16}},{"start":{"line":362,"column":16},"end":{"line":362,"column":16}}]},"51":{"line":372,"type":"if","locations":[{"start":{"line":372,"column":12},"end":{"line":372,"column":12}},{"start":{"line":372,"column":12},"end":{"line":372,"column":12}}]},"52":{"line":393,"type":"if","locations":[{"start":{"line":393,"column":8},"end":{"line":393,"column":8}},{"start":{"line":393,"column":8},"end":{"line":393,"column":8}}]},"53":{"line":429,"type":"if","locations":[{"start":{"line":429,"column":8},"end":{"line":429,"column":8}},{"start":{"line":429,"column":8},"end":{"line":429,"column":8}}]},"54":{"line":430,"type":"if","locations":[{"start":{"line":430,"column":8},"end":{"line":430,"column":8}},{"start":{"line":430,"column":8},"end":{"line":430,"column":8}}]},"55":{"line":437,"type":"if","locations":[{"start":{"line":437,"column":12},"end":{"line":437,"column":12}},{"start":{"line":437,"column":12},"end":{"line":437,"column":12}}]},"56":{"line":443,"type":"if","locations":[{"start":{"line":443,"column":8},"end":{"line":443,"column":8}},{"start":{"line":443,"column":8},"end":{"line":443,"column":8}}]},"57":{"line":447,"type":"if","locations":[{"start":{"line":447,"column":51},"end":{"line":447,"column":51}},{"start":{"line":447,"column":51},"end":{"line":447,"column":51}}]},"58":{"line":448,"type":"if","locations":[{"start":{"line":448,"column":8},"end":{"line":448,"column":8}},{"start":{"line":448,"column":8},"end":{"line":448,"column":8}}]},"59":{"line":450,"type":"if","locations":[{"start":{"line":450,"column":8},"end":{"line":450,"column":8}},{"start":{"line":450,"column":8},"end":{"line":450,"column":8}}]},"60":{"line":451,"type":"if","locations":[{"start":{"line":451,"column":8},"end":{"line":451,"column":8}},{"start":{"line":451,"column":8},"end":{"line":451,"column":8}}]},"61":{"line":457,"type":"if","locations":[{"start":{"line":457,"column":53},"end":{"line":457,"column":53}},{"start":{"line":457,"column":53},"end":{"line":457,"column":53}}]},"62":{"line":457,"type":"if","locations":[{"start":{"line":457,"column":63},"end":{"line":457,"column":63}},{"start":{"line":457,"column":63},"end":{"line":457,"column":63}}]},"63":{"line":457,"type":"if","locations":[{"start":{"line":457,"column":76},"end":{"line":457,"column":76}},{"start":{"line":457,"column":76},"end":{"line":457,"column":76}}]},"64":{"line":458,"type":"if","locations":[{"start":{"line":458,"column":8},"end":{"line":458,"column":8}},{"start":{"line":458,"column":8},"end":{"line":458,"column":8}}]},"65":{"line":459,"type":"if","locations":[{"start":{"line":459,"column":8},"end":{"line":459,"column":8}},{"start":{"line":459,"column":8},"end":{"line":459,"column":8}}]},"66":{"line":468,"type":"if","locations":[{"start":{"line":468,"column":8},"end":{"line":468,"column":8}},{"start":{"line":468,"column":8},"end":{"line":468,"column":8}}]},"67":{"line":481,"type":"if","locations":[{"start":{"line":481,"column":12},"end":{"line":481,"column":12}},{"start":{"line":481,"column":12},"end":{"line":481,"column":12}}]},"68":{"line":483,"type":"if","locations":[{"start":{"line":483,"column":12},"end":{"line":483,"column":12}},{"start":{"line":483,"column":12},"end":{"line":483,"column":12}}]},"69":{"line":485,"type":"if","locations":[{"start":{"line":485,"column":16},"end":{"line":485,"column":16}},{"start":{"line":485,"column":16},"end":{"line":485,"column":16}}]},"70":{"line":491,"type":"if","locations":[{"start":{"line":491,"column":8},"end":{"line":491,"column":8}},{"start":{"line":491,"column":8},"end":{"line":491,"column":8}}]},"71":{"line":502,"type":"if","locations":[{"start":{"line":502,"column":8},"end":{"line":502,"column":8}},{"start":{"line":502,"column":8},"end":{"line":502,"column":8}}]},"72":{"line":510,"type":"if","locations":[{"start":{"line":510,"column":16},"end":{"line":510,"column":16}},{"start":{"line":510,"column":16},"end":{"line":510,"column":16}}]},"73":{"line":519,"type":"if","locations":[{"start":{"line":519,"column":16},"end":{"line":519,"column":16}},{"start":{"line":519,"column":16},"end":{"line":519,"column":16}}]},"74":{"line":521,"type":"if","locations":[{"start":{"line":521,"column":16},"end":{"line":521,"column":16}},{"start":{"line":521,"column":16},"end":{"line":521,"column":16}}]},"75":{"line":533,"type":"if","locations":[{"start":{"line":533,"column":12},"end":{"line":533,"column":12}},{"start":{"line":533,"column":12},"end":{"line":533,"column":12}}]},"76":{"line":535,"type":"if","locations":[{"start":{"line":535,"column":67},"end":{"line":535,"column":91}},{"start":{"line":535,"column":95},"end":{"line":535,"column":104}}]}}},"contracts/EcoStabilizer.sol":{"l":{"39":10,"40":10,"41":10,"42":10,"47":168,"48":166,"49":163,"50":163,"53":159,"56":159,"57":159,"59":159,"63":43,"68":43,"69":43,"72":38,"75":38,"76":33,"77":33,"79":33,"84":7,"87":5,"92":3,"93":2,"94":2,"95":2,"100":17,"101":12,"102":11,"103":11,"112":20,"113":20,"116":20,"117":20,"118":326,"119":107,"124":20,"125":20,"126":20,"127":326,"128":107,"129":107,"132":20,"138":50,"139":50,"140":50,"141":50,"142":375,"143":165,"146":50,"152":25,"153":25,"154":25,"155":25,"156":147,"157":72,"160":25,"176":0,"177":0,"179":0,"180":0,"181":0,"184":0,"185":0,"186":0,"190":0,"191":0,"192":0,"193":0,"198":0,"199":0,"200":0,"201":0,"202":0,"203":0,"208":0,"220":0,"221":0,"223":0,"224":0,"225":0,"228":0,"229":0,"230":0,"234":0,"235":0,"236":0,"241":0,"255":0,"256":0,"258":0,"259":0,"260":0,"263":0,"264":0,"265":0,"269":0,"270":0,"271":0,"276":0},"path":"/home/dev/AstaVerde/contracts/EcoStabilizer.sol","s":{"1":10,"2":10,"3":168,"4":166,"5":163,"6":163,"7":159,"8":159,"9":159,"10":43,"11":43,"12":43,"13":38,"14":33,"15":33,"16":33,"17":7,"18":5,"19":3,"20":2,"21":2,"22":17,"23":12,"24":11,"25":11,"26":20,"27":20,"28":20,"29":20,"30":326,"31":20,"32":20,"33":20,"34":326,"35":20,"36":50,"37":50,"38":50,"39":50,"40":375,"41":50,"42":25,"43":25,"44":25,"45":25,"46":147,"47":25,"48":0,"49":0,"50":0,"51":0,"52":0,"53":0,"54":0,"55":0,"56":0,"57":0,"58":0,"59":0,"60":0,"61":0,"62":0,"63":0,"64":0,"65":0,"66":0,"67":0,"68":0,"69":0,"70":0,"71":0,"72":0,"73":0,"74":0,"75":0,"76":0,"77":0,"78":0},"b":{"1":[10,0],"2":[10,0],"3":[172,0],"4":[168,4],"5":[166,2],"6":[163,3],"7":[159,4],"8":[45,0],"9":[43,2],"10":[38,5],"11":[7,3],"12":[5,2],"13":[3,1],"14":[2,1],"15":[17,4],"16":[12,5],"17":[11,1],"18":[1,19],"19":[107,219],"20":[107,219],"21":[1,49],"22":[165,210],"23":[1,24],"24":[72,75],"25":[0,0],"26":[0,0],"27":[0,0],"28":[0,0],"29":[0,0],"30":[0,0],"31":[0,0],"32":[0,0],"33":[0,0],"34":[0,0],"35":[0,0],"36":[0,0],"37":[0,0],"38":[0,0],"39":[0,0],"40":[0,0],"41":[0,0],"42":[0,0],"43":[0,0]},"f":{"1":10,"2":168,"3":43,"4":43,"5":7,"6":5,"7":3,"8":17,"9":20,"10":50,"11":25,"12":0,"13":0,"14":0},"fnMap":{"1":{"name":"constructor","line":38,"loc":{"start":{"line":38,"column":4},"end":{"line":43,"column":4}}},"2":{"name":"deposit","line":46,"loc":{"start":{"line":46,"column":4},"end":{"line":60,"column":4}}},"3":{"name":"withdraw","line":62,"loc":{"start":{"line":62,"column":4},"end":{"line":64,"column":4}}},"4":{"name":"_withdrawInternal","line":67,"loc":{"start":{"line":67,"column":4},"end":{"line":80,"column":4}}},"5":{"name":"pause","line":83,"loc":{"start":{"line":83,"column":4},"end":{"line":85,"column":4}}},"6":{"name":"unpause","line":86,"loc":{"start":{"line":86,"column":4},"end":{"line":88,"column":4}}},"7":{"name":"setMaxScanRange","line":91,"loc":{"start":{"line":91,"column":4},"end":{"line":96,"column":4}}},"8":{"name":"adminSweepNFT","line":99,"loc":{"start":{"line":99,"column":4},"end":{"line":104,"column":4}}},"9":{"name":"getUserLoans","line":111,"loc":{"start":{"line":111,"column":4},"end":{"line":133,"column":4}}},"10":{"name":"getTotalActiveLoans","line":137,"loc":{"start":{"line":137,"column":4},"end":{"line":147,"column":4}}},"11":{"name":"getUserLoanCount","line":151,"loc":{"start":{"line":151,"column":4},"end":{"line":161,"column":4}}},"12":{"name":"getUserLoansPaginated","line":171,"loc":{"start":{"line":171,"column":4},"end":{"line":209,"column":4}}},"13":{"name":"getTotalActiveLoansPaginated","line":216,"loc":{"start":{"line":216,"column":4},"end":{"line":242,"column":4}}},"14":{"name":"getUserLoanCountPaginated","line":250,"loc":{"start":{"line":250,"column":4},"end":{"line":277,"column":4}}}},"statementMap":{"1":{"start":{"line":39,"column":8},"end":{"line":39,"column":59}},"2":{"start":{"line":40,"column":8},"end":{"line":40,"column":49}},"3":{"start":{"line":47,"column":8},"end":{"line":47,"column":53}},"4":{"start":{"line":48,"column":8},"end":{"line":48,"column":78}},"5":{"start":{"line":49,"column":8},"end":{"line":49,"column":58}},"6":{"start":{"line":50,"column":8},"end":{"line":50,"column":43}},"7":{"start":{"line":56,"column":8},"end":{"line":56,"column":75}},"8":{"start":{"line":57,"column":8},"end":{"line":57,"column":42}},"9":{"start":{"line":59,"column":8},"end":{"line":59,"column":43}},"10":{"start":{"line":63,"column":8},"end":{"line":63,"column":33}},"11":{"start":{"line":68,"column":8},"end":{"line":68,"column":41}},"12":{"start":{"line":69,"column":8},"end":{"line":69,"column":74}},"13":{"start":{"line":75,"column":8},"end":{"line":75,"column":65}},"14":{"start":{"line":76,"column":8},"end":{"line":76,"column":30}},"15":{"start":{"line":77,"column":8},"end":{"line":77,"column":75}},"16":{"start":{"line":79,"column":8},"end":{"line":79,"column":43}},"17":{"start":{"line":84,"column":8},"end":{"line":84,"column":15}},"18":{"start":{"line":87,"column":8},"end":{"line":87,"column":17}},"19":{"start":{"line":92,"column":8},"end":{"line":92,"column":94}},"20":{"start":{"line":93,"column":8},"end":{"line":93,"column":39}},"21":{"start":{"line":95,"column":8},"end":{"line":95,"column":57}},"22":{"start":{"line":100,"column":8},"end":{"line":100,"column":53}},"23":{"start":{"line":101,"column":8},"end":{"line":101,"column":51}},"24":{"start":{"line":102,"column":8},"end":{"line":102,"column":67}},"25":{"start":{"line":103,"column":8},"end":{"line":103,"column":47}},"26":{"start":{"line":112,"column":8},"end":{"line":112,"column":51}},"27":{"start":{"line":113,"column":8},"end":{"line":113,"column":81}},"28":{"start":{"line":116,"column":8},"end":{"line":116,"column":25}},"29":{"start":{"line":117,"column":8},"end":{"line":117,"column":4781}},"30":{"start":{"line":118,"column":12},"end":{"line":118,"column":4840}},"31":{"start":{"line":124,"column":8},"end":{"line":124,"column":57}},"32":{"start":{"line":125,"column":8},"end":{"line":125,"column":25}},"33":{"start":{"line":126,"column":8},"end":{"line":126,"column":5079}},"34":{"start":{"line":127,"column":12},"end":{"line":127,"column":5138}},"35":{"start":{"line":132,"column":8},"end":{"line":132,"column":24}},"36":{"start":{"line":138,"column":8},"end":{"line":138,"column":51}},"37":{"start":{"line":139,"column":8},"end":{"line":139,"column":81}},"38":{"start":{"line":140,"column":8},"end":{"line":140,"column":25}},"39":{"start":{"line":141,"column":8},"end":{"line":141,"column":5697}},"40":{"start":{"line":142,"column":12},"end":{"line":142,"column":5756}},"41":{"start":{"line":146,"column":8},"end":{"line":146,"column":20}},"42":{"start":{"line":152,"column":8},"end":{"line":152,"column":51}},"43":{"start":{"line":153,"column":8},"end":{"line":153,"column":81}},"44":{"start":{"line":154,"column":8},"end":{"line":154,"column":25}},"45":{"start":{"line":155,"column":8},"end":{"line":155,"column":6186}},"46":{"start":{"line":156,"column":12},"end":{"line":156,"column":6245}},"47":{"start":{"line":160,"column":8},"end":{"line":160,"column":20}},"48":{"start":{"line":176,"column":8},"end":{"line":176,"column":50}},"49":{"start":{"line":177,"column":8},"end":{"line":177,"column":68}},"50":{"start":{"line":179,"column":8},"end":{"line":179,"column":51}},"51":{"start":{"line":180,"column":8},"end":{"line":180,"column":7222}},"52":{"start":{"line":181,"column":12},"end":{"line":181,"column":40}},"53":{"start":{"line":184,"column":8},"end":{"line":184,"column":43}},"54":{"start":{"line":185,"column":8},"end":{"line":185,"column":7356}},"55":{"start":{"line":190,"column":8},"end":{"line":190,"column":25}},"56":{"start":{"line":191,"column":8},"end":{"line":191,"column":7504}},"57":{"start":{"line":192,"column":12},"end":{"line":192,"column":7565}},"58":{"start":{"line":199,"column":8},"end":{"line":199,"column":25}},"59":{"start":{"line":200,"column":8},"end":{"line":200,"column":7786}},"60":{"start":{"line":201,"column":12},"end":{"line":201,"column":7847}},"61":{"start":{"line":220,"column":8},"end":{"line":220,"column":50}},"62":{"start":{"line":221,"column":8},"end":{"line":221,"column":68}},"63":{"start":{"line":223,"column":8},"end":{"line":223,"column":51}},"64":{"start":{"line":224,"column":8},"end":{"line":224,"column":8772}},"65":{"start":{"line":225,"column":12},"end":{"line":225,"column":25}},"66":{"start":{"line":228,"column":8},"end":{"line":228,"column":43}},"67":{"start":{"line":229,"column":8},"end":{"line":229,"column":8891}},"68":{"start":{"line":234,"column":8},"end":{"line":234,"column":9007}},"69":{"start":{"line":235,"column":12},"end":{"line":235,"column":9068}},"70":{"start":{"line":255,"column":8},"end":{"line":255,"column":50}},"71":{"start":{"line":256,"column":8},"end":{"line":256,"column":68}},"72":{"start":{"line":258,"column":8},"end":{"line":258,"column":51}},"73":{"start":{"line":259,"column":8},"end":{"line":259,"column":9992}},"74":{"start":{"line":260,"column":12},"end":{"line":260,"column":25}},"75":{"start":{"line":263,"column":8},"end":{"line":263,"column":43}},"76":{"start":{"line":264,"column":8},"end":{"line":264,"column":10111}},"77":{"start":{"line":269,"column":8},"end":{"line":269,"column":10234}},"78":{"start":{"line":270,"column":12},"end":{"line":270,"column":10295}}},"branchMap":{"1":{"line":39,"type":"if","locations":[{"start":{"line":39,"column":8},"end":{"line":39,"column":8}},{"start":{"line":39,"column":8},"end":{"line":39,"column":8}}]},"2":{"line":40,"type":"if","locations":[{"start":{"line":40,"column":8},"end":{"line":40,"column":8}},{"start":{"line":40,"column":8},"end":{"line":40,"column":8}}]},"3":{"line":46,"type":"if","locations":[{"start":{"line":46,"column":47},"end":{"line":46,"column":47}},{"start":{"line":46,"column":47},"end":{"line":46,"column":47}}]},"4":{"line":46,"type":"if","locations":[{"start":{"line":46,"column":60},"end":{"line":46,"column":60}},{"start":{"line":46,"column":60},"end":{"line":46,"column":60}}]},"5":{"line":47,"type":"if","locations":[{"start":{"line":47,"column":8},"end":{"line":47,"column":8}},{"start":{"line":47,"column":8},"end":{"line":47,"column":8}}]},"6":{"line":48,"type":"if","locations":[{"start":{"line":48,"column":8},"end":{"line":48,"column":8}},{"start":{"line":48,"column":8},"end":{"line":48,"column":8}}]},"7":{"line":50,"type":"if","locations":[{"start":{"line":50,"column":8},"end":{"line":50,"column":8}},{"start":{"line":50,"column":8},"end":{"line":50,"column":8}}]},"8":{"line":62,"type":"if","locations":[{"start":{"line":62,"column":48},"end":{"line":62,"column":48}},{"start":{"line":62,"column":48},"end":{"line":62,"column":48}}]},"9":{"line":62,"type":"if","locations":[{"start":{"line":62,"column":61},"end":{"line":62,"column":61}},{"start":{"line":62,"column":61},"end":{"line":62,"column":61}}]},"10":{"line":69,"type":"if","locations":[{"start":{"line":69,"column":8},"end":{"line":69,"column":8}},{"start":{"line":69,"column":8},"end":{"line":69,"column":8}}]},"11":{"line":83,"type":"if","locations":[{"start":{"line":83,"column":30},"end":{"line":83,"column":30}},{"start":{"line":83,"column":30},"end":{"line":83,"column":30}}]},"12":{"line":86,"type":"if","locations":[{"start":{"line":86,"column":32},"end":{"line":86,"column":32}},{"start":{"line":86,"column":32},"end":{"line":86,"column":32}}]},"13":{"line":91,"type":"if","locations":[{"start":{"line":91,"column":61},"end":{"line":91,"column":61}},{"start":{"line":91,"column":61},"end":{"line":91,"column":61}}]},"14":{"line":92,"type":"if","locations":[{"start":{"line":92,"column":8},"end":{"line":92,"column":8}},{"start":{"line":92,"column":8},"end":{"line":92,"column":8}}]},"15":{"line":99,"type":"if","locations":[{"start":{"line":99,"column":65},"end":{"line":99,"column":65}},{"start":{"line":99,"column":65},"end":{"line":99,"column":65}}]},"16":{"line":100,"type":"if","locations":[{"start":{"line":100,"column":8},"end":{"line":100,"column":8}},{"start":{"line":100,"column":8},"end":{"line":100,"column":8}}]},"17":{"line":101,"type":"if","locations":[{"start":{"line":101,"column":8},"end":{"line":101,"column":8}},{"start":{"line":101,"column":8},"end":{"line":101,"column":8}}]},"18":{"line":113,"type":"if","locations":[{"start":{"line":113,"column":56},"end":{"line":113,"column":67}},{"start":{"line":113,"column":71},"end":{"line":113,"column":80}}]},"19":{"line":118,"type":"if","locations":[{"start":{"line":118,"column":12},"end":{"line":118,"column":12}},{"start":{"line":118,"column":12},"end":{"line":118,"column":12}}]},"20":{"line":127,"type":"if","locations":[{"start":{"line":127,"column":12},"end":{"line":127,"column":12}},{"start":{"line":127,"column":12},"end":{"line":127,"column":12}}]},"21":{"line":139,"type":"if","locations":[{"start":{"line":139,"column":56},"end":{"line":139,"column":67}},{"start":{"line":139,"column":71},"end":{"line":139,"column":80}}]},"22":{"line":142,"type":"if","locations":[{"start":{"line":142,"column":12},"end":{"line":142,"column":12}},{"start":{"line":142,"column":12},"end":{"line":142,"column":12}}]},"23":{"line":153,"type":"if","locations":[{"start":{"line":153,"column":56},"end":{"line":153,"column":67}},{"start":{"line":153,"column":71},"end":{"line":153,"column":80}}]},"24":{"line":156,"type":"if","locations":[{"start":{"line":156,"column":12},"end":{"line":156,"column":12}},{"start":{"line":156,"column":12},"end":{"line":156,"column":12}}]},"25":{"line":176,"type":"if","locations":[{"start":{"line":176,"column":8},"end":{"line":176,"column":8}},{"start":{"line":176,"column":8},"end":{"line":176,"column":8}}]},"26":{"line":177,"type":"if","locations":[{"start":{"line":177,"column":8},"end":{"line":177,"column":8}},{"start":{"line":177,"column":8},"end":{"line":177,"column":8}}]},"27":{"line":180,"type":"if","locations":[{"start":{"line":180,"column":8},"end":{"line":180,"column":8}},{"start":{"line":180,"column":8},"end":{"line":180,"column":8}}]},"28":{"line":185,"type":"if","locations":[{"start":{"line":185,"column":8},"end":{"line":185,"column":8}},{"start":{"line":185,"column":8},"end":{"line":185,"column":8}}]},"29":{"line":192,"type":"if","locations":[{"start":{"line":192,"column":12},"end":{"line":192,"column":12}},{"start":{"line":192,"column":12},"end":{"line":192,"column":12}}]},"30":{"line":201,"type":"if","locations":[{"start":{"line":201,"column":12},"end":{"line":201,"column":12}},{"start":{"line":201,"column":12},"end":{"line":201,"column":12}}]},"31":{"line":208,"type":"if","locations":[{"start":{"line":208,"column":43},"end":{"line":208,"column":51}},{"start":{"line":208,"column":55},"end":{"line":208,"column":55}}]},"32":{"line":220,"type":"if","locations":[{"start":{"line":220,"column":8},"end":{"line":220,"column":8}},{"start":{"line":220,"column":8},"end":{"line":220,"column":8}}]},"33":{"line":221,"type":"if","locations":[{"start":{"line":221,"column":8},"end":{"line":221,"column":8}},{"start":{"line":221,"column":8},"end":{"line":221,"column":8}}]},"34":{"line":224,"type":"if","locations":[{"start":{"line":224,"column":8},"end":{"line":224,"column":8}},{"start":{"line":224,"column":8},"end":{"line":224,"column":8}}]},"35":{"line":229,"type":"if","locations":[{"start":{"line":229,"column":8},"end":{"line":229,"column":8}},{"start":{"line":229,"column":8},"end":{"line":229,"column":8}}]},"36":{"line":235,"type":"if","locations":[{"start":{"line":235,"column":12},"end":{"line":235,"column":12}},{"start":{"line":235,"column":12},"end":{"line":235,"column":12}}]},"37":{"line":241,"type":"if","locations":[{"start":{"line":241,"column":43},"end":{"line":241,"column":51}},{"start":{"line":241,"column":55},"end":{"line":241,"column":55}}]},"38":{"line":255,"type":"if","locations":[{"start":{"line":255,"column":8},"end":{"line":255,"column":8}},{"start":{"line":255,"column":8},"end":{"line":255,"column":8}}]},"39":{"line":256,"type":"if","locations":[{"start":{"line":256,"column":8},"end":{"line":256,"column":8}},{"start":{"line":256,"column":8},"end":{"line":256,"column":8}}]},"40":{"line":259,"type":"if","locations":[{"start":{"line":259,"column":8},"end":{"line":259,"column":8}},{"start":{"line":259,"column":8},"end":{"line":259,"column":8}}]},"41":{"line":264,"type":"if","locations":[{"start":{"line":264,"column":8},"end":{"line":264,"column":8}},{"start":{"line":264,"column":8},"end":{"line":264,"column":8}}]},"42":{"line":270,"type":"if","locations":[{"start":{"line":270,"column":12},"end":{"line":270,"column":12}},{"start":{"line":270,"column":12},"end":{"line":270,"column":12}}]},"43":{"line":276,"type":"if","locations":[{"start":{"line":276,"column":43},"end":{"line":276,"column":51}},{"start":{"line":276,"column":55},"end":{"line":276,"column":55}}]}}},"contracts/EcoStabilizerV2.sol":{"l":{"19":0,"20":0,"22":0,"24":0,"25":0,"28":0,"29":0,"30":0,"31":0,"34":0,"36":0,"38":0,"42":0,"43":0,"44":0,"46":0,"49":0,"58":0,"59":0,"61":0,"64":0,"66":0,"67":0,"70":0,"71":0,"74":0,"76":0,"80":0,"81":0,"84":0,"85":0,"86":0,"88":0},"path":"/home/dev/AstaVerde/contracts/EcoStabilizerV2.sol","s":{"1":0,"2":0,"3":0,"4":0,"5":0,"6":0,"7":0,"8":0,"9":0,"10":0,"11":0,"12":0,"13":0,"14":0,"15":0,"16":0,"17":0,"18":0,"19":0,"20":0,"21":0,"22":0,"23":0,"24":0,"25":0,"26":0,"27":0,"28":0},"b":{"1":[0,0],"2":[0,0],"3":[0,0],"4":[0,0],"5":[0,0],"6":[0,0],"7":[0,0],"8":[0,0],"9":[0,0],"10":[0,0],"11":[0,0],"12":[0,0],"13":[0,0],"14":[0,0]},"f":{"1":0,"2":0,"3":0},"fnMap":{"1":{"name":"constructor","line":11,"loc":{"start":{"line":11,"column":4},"end":{"line":11,"column":81}}},"2":{"name":"depositBatch","line":18,"loc":{"start":{"line":18,"column":4},"end":{"line":50,"column":4}}},"3":{"name":"withdrawBatch","line":57,"loc":{"start":{"line":57,"column":4},"end":{"line":89,"column":4}}}},"statementMap":{"1":{"start":{"line":19,"column":8},"end":{"line":19,"column":50}},"2":{"start":{"line":20,"column":8},"end":{"line":20,"column":56}},"3":{"start":{"line":22,"column":8},"end":{"line":22,"column":28}},"4":{"start":{"line":24,"column":8},"end":{"line":24,"column":793}},"5":{"start":{"line":25,"column":12},"end":{"line":25,"column":41}},"6":{"start":{"line":28,"column":12},"end":{"line":28,"column":57}},"7":{"start":{"line":29,"column":12},"end":{"line":29,"column":82}},"8":{"start":{"line":30,"column":12},"end":{"line":30,"column":62}},"9":{"start":{"line":31,"column":12},"end":{"line":31,"column":47}},"10":{"start":{"line":38,"column":12},"end":{"line":38,"column":47}},"11":{"start":{"line":42,"column":8},"end":{"line":42,"column":65}},"12":{"start":{"line":43,"column":8},"end":{"line":43,"column":1504}},"13":{"start":{"line":46,"column":8},"end":{"line":46,"column":87}},"14":{"start":{"line":49,"column":8},"end":{"line":49,"column":37}},"15":{"start":{"line":58,"column":8},"end":{"line":58,"column":50}},"16":{"start":{"line":59,"column":8},"end":{"line":59,"column":56}},"17":{"start":{"line":61,"column":8},"end":{"line":61,"column":58}},"18":{"start":{"line":64,"column":8},"end":{"line":64,"column":73}},"19":{"start":{"line":66,"column":8},"end":{"line":66,"column":2346}},"20":{"start":{"line":67,"column":12},"end":{"line":67,"column":41}},"21":{"start":{"line":70,"column":12},"end":{"line":70,"column":60}},"22":{"start":{"line":71,"column":12},"end":{"line":71,"column":73}},"23":{"start":{"line":76,"column":12},"end":{"line":76,"column":47}},"24":{"start":{"line":80,"column":8},"end":{"line":80,"column":60}},"25":{"start":{"line":81,"column":8},"end":{"line":81,"column":25}},"26":{"start":{"line":84,"column":8},"end":{"line":84,"column":65}},"27":{"start":{"line":85,"column":8},"end":{"line":85,"column":3023}},"28":{"start":{"line":88,"column":8},"end":{"line":88,"column":87}}},"branchMap":{"1":{"line":18,"type":"if","locations":[{"start":{"line":18,"column":64},"end":{"line":18,"column":64}},{"start":{"line":18,"column":64},"end":{"line":18,"column":64}}]},"2":{"line":18,"type":"if","locations":[{"start":{"line":18,"column":77},"end":{"line":18,"column":77}},{"start":{"line":18,"column":77},"end":{"line":18,"column":77}}]},"3":{"line":19,"type":"if","locations":[{"start":{"line":19,"column":8},"end":{"line":19,"column":8}},{"start":{"line":19,"column":8},"end":{"line":19,"column":8}}]},"4":{"line":20,"type":"if","locations":[{"start":{"line":20,"column":8},"end":{"line":20,"column":8}},{"start":{"line":20,"column":8},"end":{"line":20,"column":8}}]},"5":{"line":28,"type":"if","locations":[{"start":{"line":28,"column":12},"end":{"line":28,"column":12}},{"start":{"line":28,"column":12},"end":{"line":28,"column":12}}]},"6":{"line":29,"type":"if","locations":[{"start":{"line":29,"column":12},"end":{"line":29,"column":12}},{"start":{"line":29,"column":12},"end":{"line":29,"column":12}}]},"7":{"line":31,"type":"if","locations":[{"start":{"line":31,"column":12},"end":{"line":31,"column":12}},{"start":{"line":31,"column":12},"end":{"line":31,"column":12}}]},"8":{"line":57,"type":"if","locations":[{"start":{"line":57,"column":65},"end":{"line":57,"column":65}},{"start":{"line":57,"column":65},"end":{"line":57,"column":65}}]},"9":{"line":57,"type":"if","locations":[{"start":{"line":57,"column":78},"end":{"line":57,"column":78}},{"start":{"line":57,"column":78},"end":{"line":57,"column":78}}]},"10":{"line":58,"type":"if","locations":[{"start":{"line":58,"column":8},"end":{"line":58,"column":8}},{"start":{"line":58,"column":8},"end":{"line":58,"column":8}}]},"11":{"line":59,"type":"if","locations":[{"start":{"line":59,"column":8},"end":{"line":59,"column":8}},{"start":{"line":59,"column":8},"end":{"line":59,"column":8}}]},"12":{"line":64,"type":"if","locations":[{"start":{"line":64,"column":8},"end":{"line":64,"column":8}},{"start":{"line":64,"column":8},"end":{"line":64,"column":8}}]},"13":{"line":70,"type":"if","locations":[{"start":{"line":70,"column":12},"end":{"line":70,"column":12}},{"start":{"line":70,"column":12},"end":{"line":70,"column":12}}]},"14":{"line":71,"type":"if","locations":[{"start":{"line":71,"column":12},"end":{"line":71,"column":12}},{"start":{"line":71,"column":12},"end":{"line":71,"column":12}}]}}},"contracts/IAstaVerde.sol":{"l":{},"path":"/home/dev/AstaVerde/contracts/IAstaVerde.sol","s":{},"b":{},"f":{},"fnMap":{},"statementMap":{},"branchMap":{}},"contracts/MockUSDC.sol":{"l":{"14":10,"23":23,"27":0},"path":"/home/dev/AstaVerde/contracts/MockUSDC.sol","s":{"1":10,"2":23,"3":0},"b":{"1":[10,0],"2":[10,0],"3":[0,0]},"f":{"1":10,"2":23,"3":0},"fnMap":{"1":{"name":"constructor","line":8,"loc":{"start":{"line":8,"column":4},"end":{"line":20,"column":4}}},"2":{"name":"mint","line":22,"loc":{"start":{"line":22,"column":4},"end":{"line":24,"column":4}}},"3":{"name":"decimals","line":26,"loc":{"start":{"line":26,"column":4},"end":{"line":28,"column":4}}}},"statementMap":{"1":{"start":{"line":14,"column":8},"end":{"line":14,"column":628}},"2":{"start":{"line":23,"column":8},"end":{"line":23,"column":24}},"3":{"start":{"line":27,"column":8},"end":{"line":27,"column":24}}},"branchMap":{"1":{"line":14,"type":"if","locations":[{"start":{"line":14,"column":8},"end":{"line":14,"column":8}},{"start":{"line":14,"column":8},"end":{"line":14,"column":8}}]},"2":{"line":15,"type":"cond-expr","locations":[{"start":{"line":15,"column":12},"end":{"line":15,"column":33}},{"start":{"line":16,"column":16},"end":{"line":16,"column":37}}]},"3":{"line":15,"type":"cond-expr","locations":[{"start":{"line":15,"column":12},"end":{"line":16,"column":37}},{"start":{"line":17,"column":16},"end":{"line":17,"column":40}}]}}},"contracts/StabilizedCarbonCoin.sol":{"l":{"14":13,"17":13,"18":1,"24":188,"25":186,"26":184,"27":182,"31":49,"32":46,"36":12,"37":10,"38":8,"39":4,"44":3},"path":"/home/dev/AstaVerde/contracts/StabilizedCarbonCoin.sol","s":{"1":13,"2":13,"3":1,"4":188,"5":186,"6":184,"7":182,"8":49,"9":46,"10":12,"11":10,"12":8,"13":4,"14":3},"b":{"1":[1,12],"2":[188,5],"3":[186,2],"4":[184,2],"5":[182,2],"6":[46,3],"7":[10,2],"8":[8,2]},"f":{"1":13,"2":188,"3":49,"4":12,"5":3},"fnMap":{"1":{"name":"constructor","line":13,"loc":{"start":{"line":13,"column":4},"end":{"line":21,"column":4}}},"2":{"name":"mint","line":23,"loc":{"start":{"line":23,"column":4},"end":{"line":28,"column":4}}},"3":{"name":"burn","line":30,"loc":{"start":{"line":30,"column":4},"end":{"line":33,"column":4}}},"4":{"name":"burnFrom","line":35,"loc":{"start":{"line":35,"column":4},"end":{"line":40,"column":4}}},"5":{"name":"decimals","line":43,"loc":{"start":{"line":43,"column":4},"end":{"line":45,"column":4}}}},"statementMap":{"1":{"start":{"line":14,"column":8},"end":{"line":14,"column":49}},"2":{"start":{"line":17,"column":8},"end":{"line":17,"column":637}},"3":{"start":{"line":18,"column":12},"end":{"line":18,"column":41}},"4":{"start":{"line":24,"column":8},"end":{"line":24,"column":56}},"5":{"start":{"line":25,"column":8},"end":{"line":25,"column":46}},"6":{"start":{"line":26,"column":8},"end":{"line":26,"column":74}},"7":{"start":{"line":27,"column":8},"end":{"line":27,"column":24}},"8":{"start":{"line":31,"column":8},"end":{"line":31,"column":46}},"9":{"start":{"line":32,"column":8},"end":{"line":32,"column":32}},"10":{"start":{"line":36,"column":8},"end":{"line":36,"column":63}},"11":{"start":{"line":37,"column":8},"end":{"line":37,"column":46}},"12":{"start":{"line":38,"column":8},"end":{"line":38,"column":51}},"13":{"start":{"line":39,"column":8},"end":{"line":39,"column":29}},"14":{"start":{"line":44,"column":8},"end":{"line":44,"column":17}}},"branchMap":{"1":{"line":17,"type":"if","locations":[{"start":{"line":17,"column":8},"end":{"line":17,"column":8}},{"start":{"line":17,"column":8},"end":{"line":17,"column":8}}]},"2":{"line":23,"type":"if","locations":[{"start":{"line":23,"column":55},"end":{"line":23,"column":55}},{"start":{"line":23,"column":55},"end":{"line":23,"column":55}}]},"3":{"line":24,"type":"if","locations":[{"start":{"line":24,"column":8},"end":{"line":24,"column":8}},{"start":{"line":24,"column":8},"end":{"line":24,"column":8}}]},"4":{"line":25,"type":"if","locations":[{"start":{"line":25,"column":8},"end":{"line":25,"column":8}},{"start":{"line":25,"column":8},"end":{"line":25,"column":8}}]},"5":{"line":26,"type":"if","locations":[{"start":{"line":26,"column":8},"end":{"line":26,"column":8}},{"start":{"line":26,"column":8},"end":{"line":26,"column":8}}]},"6":{"line":31,"type":"if","locations":[{"start":{"line":31,"column":8},"end":{"line":31,"column":8}},{"start":{"line":31,"column":8},"end":{"line":31,"column":8}}]},"7":{"line":36,"type":"if","locations":[{"start":{"line":36,"column":8},"end":{"line":36,"column":8}},{"start":{"line":36,"column":8},"end":{"line":36,"column":8}}]},"8":{"line":37,"type":"if","locations":[{"start":{"line":37,"column":8},"end":{"line":37,"column":8}},{"start":{"line":37,"column":8},"end":{"line":37,"column":8}}]}}}}